AutoDock Vina v1.2.5
#################################################################
# If you used AutoDock Vina in your work, please cite:          #
#                                                               #
# J. Eberhardt, D. Santos-Martins, A. F. Tillack, and S. Forli  #
# AutoDock Vina 1.2.0: New Docking Methods, Expanded Force      #
# Field, and Python Bindings, J. Chem. Inf. Model. (2021)       #
# DOI 10.1021/acs.jcim.1c00203                                  #
#                                                               #
# O. Trott, A. J. Olson,                                        #
# AutoDock Vina: improving the speed and accuracy of docking    #
# with a new scoring function, efficient optimization and       #
# multithreading, J. Comp. Chem. (2010)                         #
# DOI 10.1002/jcc.21334                                         #
#                                                               #
# Please see https://github.com/ccsb-scripps/AutoDock-Vina for  #
# more information.                                             #
#################################################################

Scoring function : vina
Rigid receptor: FUR1_R214T.pdbqt
Ligands:
  - PRPP.pdbqt
  - 5FU.pdbqt
Grid center: X -12.612 Y -0.916 Z 1.284
Grid size  : X 60 Y 68 Z 80
Grid space : 0.375
Exhaustiveness: 32
CPU: 2
Verbosity: 1

WARNING: Search space volume is greater than 27000 Angstrom^3 (See FAQ)
Computing Vina grid ... done.
Performing docking (random seed: 1990762156) ... 
0%   10   20   30   40   50   60   70   80   90   100%
|----|----|----|----|----|----|----|----|----|----|
***************************************************

mode |   affinity | dist from best mode
     | (kcal/mol) | rmsd l.b.| rmsd u.b.
-----+------------+----------+----------
   1       -9.639          0          0
   2       -9.315      2.272      5.351
   3       -8.842      2.553       5.83
   4       -8.824      9.459      11.46
   5       -8.814      1.914      2.647
   6        -8.59       2.82      5.268
   7       -8.589      9.278       10.3
   8       -8.533      13.12      15.91
   9       -8.486       8.15      10.65
