
RAxML-NG v. 1.2.1 released on 22.12.2023 by The Exelixis Lab.
Developed by: Alexey M. Kozlov and Alexandros Stamatakis.
Contributors: Diego Darriba, Tomas Flouri, Benoit Morel, Sarah Lutteropp, Ben Bettisworth, Julia Haag, Anastasis Togkousidis.
Latest version: https://github.com/amkozlov/raxml-ng
Questions/problems/suggestions? Please visit: https://groups.google.com/forum/#!forum/raxml

System: Intel(R) Xeon(R) Platinum P-8136 CPU @ 2.00GHz, 56 cores, 881 GB RAM

RAxML-NG was called at 16-Feb-2024 20:44:51 as follows:

raxml-ng --all --model GTR+G --bs-trees 1000 --msa /mnt/rdisk/dminh/Cauris/Cauris_output/HaplotypeCaller/vcf_to_fasta/vcf-to-fasta.fasta --threads 2 --prefix output

Analysis options:
  run mode: ML tree search + bootstrapping (Felsenstein Bootstrap)
  start tree(s): random (10) + parsimony (10)
  bootstrap replicates: parsimony (1000)
  random seed: 1708091091
  tip-inner: OFF
  pattern compression: ON
  per-rate scalers: OFF
  site repeats: ON
  logLH epsilon: general: 10.000000, brlen-triplet: 1000.000000
  fast spr radius: AUTO
  spr subtree cutoff: 1.000000
  fast CLV updates: ON
  branch lengths: proportional (ML estimate, algorithm: NR-FAST)
  SIMD kernels: AVX2
  parallelization: coarse-grained (auto), PTHREADS (2 threads), thread pinning: OFF

[00:00:00] Reading alignment from file: /mnt/rdisk/dminh/Cauris/Cauris_output/HaplotypeCaller/vcf_to_fasta/vcf-to-fasta.fasta
[00:00:00] Loaded alignment with 16 taxa and 668 sites

WARNING: Sequences F1_185_1 and F2_185_2 are exactly identical!
WARNING: Sequences F1_185_1 and S5_48_2 are exactly identical!
WARNING: Sequences F7_189_1 and F9_189_3 are exactly identical!
WARNING: Duplicate sequences found: 3

NOTE: Reduced alignment (with duplicates and gap-only sites/taxa removed) 
NOTE: was saved to: /mnt/rdisk/dminh/Cauris/Cauris_output/phylogeny/raxmlng/output.raxml.reduced.phy

Alignment comprises 1 partitions and 40 patterns

Partition 0: noname
Model: GTR+FO+G4m
Alignment sites / patterns: 668 / 40
Gaps: 0.24 %
Invariant sites: 0.00 %


NOTE: Binary MSA file created: output.raxml.rba

Parallelization scheme autoconfig: 2 worker(s) x 1 thread(s)

[00:00:00] Generating 10 random starting tree(s) with 16 taxa
[00:00:00] Generating 10 parsimony starting tree(s) with 16 taxa
Parallel parsimony with 2 threads
Parallel reduction/worker buffer size: 1 KB  / 0 KB

[00:00:00] Data distribution: max. partitions/sites/weight per thread: 1 / 40 / 640
[00:00:00] Data distribution: max. searches per worker: 510

Starting ML tree search with 20 distinct starting trees

[00:00:00] [worker #0] ML tree search #1, logLikelihood: -1954.868369
[00:00:00] [worker #1] ML tree search #2, logLikelihood: -1954.868350
[00:00:00] [worker #0] ML tree search #3, logLikelihood: -1954.868368
[00:00:00] [worker #1] ML tree search #4, logLikelihood: -1954.868351
[00:00:00] [worker #1] ML tree search #6, logLikelihood: -1954.868324
[00:00:00] [worker #0] ML tree search #5, logLikelihood: -1954.868322
[00:00:00] [worker #1] ML tree search #8, logLikelihood: -1954.868346
[00:00:00] [worker #0] ML tree search #7, logLikelihood: -1954.868350
[00:00:00] [worker #1] ML tree search #10, logLikelihood: -1954.868369
[00:00:00] [worker #0] ML tree search #9, logLikelihood: -1954.868338
[00:00:00] [worker #1] ML tree search #12, logLikelihood: -1954.868375
[00:00:00] [worker #0] ML tree search #11, logLikelihood: -1954.868380
[00:00:00] [worker #1] ML tree search #14, logLikelihood: -1954.868375
[00:00:00] [worker #0] ML tree search #13, logLikelihood: -1954.868376
[00:00:00] [worker #1] ML tree search #16, logLikelihood: -1954.868375
[00:00:00] [worker #0] ML tree search #15, logLikelihood: -1954.868378
[00:00:00] [worker #1] ML tree search #18, logLikelihood: -1954.868375
[00:00:00] [worker #0] ML tree search #17, logLikelihood: -1954.868376
[00:00:00] [worker #1] ML tree search #20, logLikelihood: -1954.868377
[00:00:00] [worker #0] ML tree search #19, logLikelihood: -1954.868376

[00:00:00] ML tree search completed, best tree logLH: -1954.868322

[00:00:00] Starting bootstrapping analysis with 1000 replicates.

[00:00:00] [worker #1] Bootstrap tree #2, logLikelihood: -1946.402847
[00:00:00] [worker #0] Bootstrap tree #1, logLikelihood: -1963.647715
[00:00:00] [worker #1] Bootstrap tree #4, logLikelihood: -1967.807574
[00:00:00] [worker #0] Bootstrap tree #3, logLikelihood: -1931.967829
[00:00:00] [worker #1] Bootstrap tree #6, logLikelihood: -1955.026428
[00:00:00] [worker #0] Bootstrap tree #5, logLikelihood: -1950.658657
[00:00:00] [worker #1] Bootstrap tree #8, logLikelihood: -1964.201353
[00:00:00] [worker #0] Bootstrap tree #7, logLikelihood: -1972.974072
[00:00:00] [worker #1] Bootstrap tree #10, logLikelihood: -1933.727143
[00:00:01] [worker #1] Bootstrap tree #12, logLikelihood: -1960.817147
[00:00:01] [worker #0] Bootstrap tree #9, logLikelihood: -1956.407893
[00:00:01] [worker #1] Bootstrap tree #14, logLikelihood: -1921.842050
[00:00:01] [worker #0] Bootstrap tree #11, logLikelihood: -1925.750587
[00:00:01] [worker #1] Bootstrap tree #16, logLikelihood: -1947.337229
[00:00:01] [worker #0] Bootstrap tree #13, logLikelihood: -1975.709549
[00:00:01] [worker #1] Bootstrap tree #18, logLikelihood: -1934.970226
[00:00:01] [worker #0] Bootstrap tree #15, logLikelihood: -1980.834012
[00:00:01] [worker #1] Bootstrap tree #20, logLikelihood: -1930.385020
[00:00:01] [worker #0] Bootstrap tree #17, logLikelihood: -1979.896990
[00:00:01] [worker #1] Bootstrap tree #22, logLikelihood: -1924.128197
[00:00:01] [worker #0] Bootstrap tree #19, logLikelihood: -1935.838614
[00:00:01] [worker #1] Bootstrap tree #24, logLikelihood: -1897.519295
[00:00:01] [worker #1] Bootstrap tree #26, logLikelihood: -1958.409054
[00:00:01] [worker #0] Bootstrap tree #21, logLikelihood: -2006.619842
[00:00:01] [worker #1] Bootstrap tree #28, logLikelihood: -1919.670648
[00:00:01] [worker #0] Bootstrap tree #23, logLikelihood: -1910.803958
[00:00:01] [worker #1] Bootstrap tree #30, logLikelihood: -1948.005749
[00:00:01] [worker #0] Bootstrap tree #25, logLikelihood: -1968.874882
[00:00:01] [worker #1] Bootstrap tree #32, logLikelihood: -1971.251552
[00:00:01] [worker #0] Bootstrap tree #27, logLikelihood: -1932.673632
[00:00:01] [worker #1] Bootstrap tree #34, logLikelihood: -1941.729256
[00:00:01] [worker #1] Bootstrap tree #36, logLikelihood: -1965.441709
[00:00:01] [worker #0] Bootstrap tree #29, logLikelihood: -1944.511249
[00:00:01] [worker #1] Bootstrap tree #38, logLikelihood: -1954.038396
[00:00:01] [worker #0] Bootstrap tree #31, logLikelihood: -1951.324503
[00:00:01] [worker #1] Bootstrap tree #40, logLikelihood: -2024.567405
[00:00:01] [worker #0] Bootstrap tree #33, logLikelihood: -1963.219421
[00:00:01] [worker #1] Bootstrap tree #42, logLikelihood: -1950.017467
[00:00:01] [worker #0] Bootstrap tree #35, logLikelihood: -2016.236473
[00:00:01] [worker #1] Bootstrap tree #44, logLikelihood: -1953.949874
[00:00:01] [worker #0] Bootstrap tree #37, logLikelihood: -1996.511368
[00:00:02] [worker #1] Bootstrap tree #46, logLikelihood: -1940.415753
[00:00:02] [worker #0] Bootstrap tree #39, logLikelihood: -1937.015358
[00:00:02] [worker #1] Bootstrap tree #48, logLikelihood: -1962.151542
[00:00:02] [worker #0] Bootstrap tree #41, logLikelihood: -1974.679309
[00:00:02] [worker #1] Bootstrap tree #50, logLikelihood: -1975.433173
[00:00:02] [worker #0] Bootstrap tree #43, logLikelihood: -1938.603160
[00:00:02] [worker #0] Bootstrap tree #45, logLikelihood: -1950.702403
[00:00:02] [worker #0] Bootstrap tree #47, logLikelihood: -1948.995221
[00:00:02] [worker #0] Bootstrap tree #49, logLikelihood: -1947.196974
[00:00:02] [worker #1] Bootstrap tree #52, logLikelihood: -1975.521413
[00:00:02] [worker #0] Bootstrap tree #51, logLikelihood: -1946.211944
[00:00:02] [worker #1] Bootstrap tree #54, logLikelihood: -1930.686512
[00:00:02] [worker #0] Bootstrap tree #53, logLikelihood: -1957.518039
[00:00:02] [worker #1] Bootstrap tree #56, logLikelihood: -1924.597123
[00:00:02] [worker #0] Bootstrap tree #55, logLikelihood: -1963.041078
[00:00:02] [worker #1] Bootstrap tree #58, logLikelihood: -1994.928266
[00:00:02] [worker #0] Bootstrap tree #57, logLikelihood: -1905.194325
[00:00:02] [worker #1] Bootstrap tree #60, logLikelihood: -1948.915008
[00:00:02] [worker #0] Bootstrap tree #59, logLikelihood: -1954.343098
[00:00:02] [worker #1] Bootstrap tree #62, logLikelihood: -1960.765373
[00:00:02] [worker #1] Bootstrap tree #64, logLikelihood: -1974.599423
[00:00:02] [worker #0] Bootstrap tree #61, logLikelihood: -1937.652178
[00:00:02] [worker #1] Bootstrap tree #66, logLikelihood: -1925.767264
[00:00:02] [worker #0] Bootstrap tree #63, logLikelihood: -1986.731031
[00:00:02] [worker #1] Bootstrap tree #68, logLikelihood: -1968.683037
[00:00:02] [worker #0] Bootstrap tree #65, logLikelihood: -1929.461099
[00:00:02] [worker #1] Bootstrap tree #70, logLikelihood: -1935.610528
[00:00:02] [worker #0] Bootstrap tree #67, logLikelihood: -1954.810598
[00:00:03] [worker #1] Bootstrap tree #72, logLikelihood: -1936.921729
[00:00:03] [worker #0] Bootstrap tree #69, logLikelihood: -1949.011108
[00:00:03] [worker #1] Bootstrap tree #74, logLikelihood: -1941.137079
[00:00:03] [worker #1] Bootstrap tree #76, logLikelihood: -1959.602914
[00:00:03] [worker #0] Bootstrap tree #71, logLikelihood: -1940.880512
[00:00:03] [worker #1] Bootstrap tree #78, logLikelihood: -1915.246043
[00:00:03] [worker #0] Bootstrap tree #73, logLikelihood: -1954.363741
[00:00:03] [worker #1] Bootstrap tree #80, logLikelihood: -1928.581458
[00:00:03] [worker #0] Bootstrap tree #75, logLikelihood: -1991.066737
[00:00:03] [worker #1] Bootstrap tree #82, logLikelihood: -1919.732699
[00:00:03] [worker #0] Bootstrap tree #77, logLikelihood: -1959.080671
[00:00:03] [worker #1] Bootstrap tree #84, logLikelihood: -1978.998169
[00:00:03] [worker #1] Bootstrap tree #86, logLikelihood: -1945.987561
[00:00:03] [worker #0] Bootstrap tree #79, logLikelihood: -1940.402228
[00:00:03] [worker #1] Bootstrap tree #88, logLikelihood: -1960.466449
[00:00:03] [worker #0] Bootstrap tree #81, logLikelihood: -1908.708125
[00:00:03] [worker #1] Bootstrap tree #90, logLikelihood: -1930.598003
[00:00:03] [worker #0] Bootstrap tree #83, logLikelihood: -1974.925177
[00:00:03] [worker #1] Bootstrap tree #92, logLikelihood: -1963.861266
[00:00:03] [worker #0] Bootstrap tree #85, logLikelihood: -1940.206746
[00:00:03] [worker #1] Bootstrap tree #94, logLikelihood: -1962.618616
[00:00:03] [worker #0] Bootstrap tree #87, logLikelihood: -1914.208542
[00:00:03] [worker #1] Bootstrap tree #96, logLikelihood: -1960.719042
[00:00:03] [worker #0] Bootstrap tree #89, logLikelihood: -1955.810771
[00:00:03] [worker #1] Bootstrap tree #98, logLikelihood: -1942.127399
[00:00:03] [worker #0] Bootstrap tree #91, logLikelihood: -1964.423820
[00:00:03] [worker #1] Bootstrap tree #100, logLikelihood: -1946.535819
[00:00:03] [worker #0] Bootstrap tree #93, logLikelihood: -1900.786131
[00:00:03] [worker #0] Bootstrap tree #95, logLikelihood: -1907.286153
[00:00:04] [worker #0] Bootstrap tree #97, logLikelihood: -1959.047653
[00:00:04] [worker #0] Bootstrap tree #99, logLikelihood: -1938.394015
[00:00:04] [worker #1] Bootstrap tree #102, logLikelihood: -1956.195151
[00:00:04] [worker #0] Bootstrap tree #101, logLikelihood: -1951.775802
[00:00:04] [worker #1] Bootstrap tree #104, logLikelihood: -1970.782223
[00:00:04] [worker #0] Bootstrap tree #103, logLikelihood: -1979.968374
[00:00:04] [worker #1] Bootstrap tree #106, logLikelihood: -1962.521677
[00:00:04] [worker #0] Bootstrap tree #105, logLikelihood: -1987.082131
[00:00:04] [worker #1] Bootstrap tree #108, logLikelihood: -1914.884463
[00:00:04] [worker #0] Bootstrap tree #107, logLikelihood: -2000.843313
[00:00:04] [worker #1] Bootstrap tree #110, logLikelihood: -1945.451325
[00:00:04] [worker #0] Bootstrap tree #109, logLikelihood: -1959.650269
[00:00:04] [worker #1] Bootstrap tree #112, logLikelihood: -1928.675364
[00:00:04] [worker #1] Bootstrap tree #114, logLikelihood: -1914.830584
[00:00:04] [worker #0] Bootstrap tree #111, logLikelihood: -1911.348026
[00:00:04] [worker #1] Bootstrap tree #116, logLikelihood: -1973.767599
[00:00:04] [worker #0] Bootstrap tree #113, logLikelihood: -1969.639997
[00:00:04] [worker #1] Bootstrap tree #118, logLikelihood: -1973.055285
[00:00:04] [worker #0] Bootstrap tree #115, logLikelihood: -1973.669700
[00:00:04] [worker #1] Bootstrap tree #120, logLikelihood: -1927.635863
[00:00:04] [worker #0] Bootstrap tree #117, logLikelihood: -1983.069672
[00:00:04] [worker #1] Bootstrap tree #122, logLikelihood: -1998.786599
[00:00:04] [worker #1] Bootstrap tree #124, logLikelihood: -1958.839388
[00:00:04] [worker #0] Bootstrap tree #119, logLikelihood: -2009.923923
[00:00:04] [worker #1] Bootstrap tree #126, logLikelihood: -1899.362547
[00:00:04] [worker #0] Bootstrap tree #121, logLikelihood: -1905.225506
[00:00:04] [worker #1] Bootstrap tree #128, logLikelihood: -1941.332861
[00:00:04] [worker #0] Bootstrap tree #123, logLikelihood: -1957.369213
[00:00:04] [worker #1] Bootstrap tree #130, logLikelihood: -1963.952560
[00:00:04] [worker #1] Bootstrap tree #132, logLikelihood: -1922.892141
[00:00:05] [worker #0] Bootstrap tree #125, logLikelihood: -1940.681075
[00:00:05] [worker #1] Bootstrap tree #134, logLikelihood: -1906.540806
[00:00:05] [worker #0] Bootstrap tree #127, logLikelihood: -1961.224170
[00:00:05] [worker #1] Bootstrap tree #136, logLikelihood: -1933.357273
[00:00:05] [worker #1] Bootstrap tree #138, logLikelihood: -1909.663631
[00:00:05] [worker #0] Bootstrap tree #129, logLikelihood: -1903.937197
[00:00:05] [worker #1] Bootstrap tree #140, logLikelihood: -1945.313454
[00:00:05] [worker #0] Bootstrap tree #131, logLikelihood: -1949.768093
[00:00:05] [worker #1] Bootstrap tree #142, logLikelihood: -1963.471041
[00:00:05] [worker #0] Bootstrap tree #133, logLikelihood: -1957.617166
[00:00:05] [worker #1] Bootstrap tree #144, logLikelihood: -1939.384759
[00:00:05] [worker #0] Bootstrap tree #135, logLikelihood: -1972.881415
[00:00:05] [worker #1] Bootstrap tree #146, logLikelihood: -1912.172966
[00:00:05] [worker #0] Bootstrap tree #137, logLikelihood: -1979.587814
[00:00:05] [worker #1] Bootstrap tree #148, logLikelihood: -1919.814835
[00:00:05] [worker #0] Bootstrap tree #139, logLikelihood: -1959.550209
[00:00:05] [worker #1] Bootstrap tree #150, logLikelihood: -1982.549247
[00:00:05] [worker #0] Bootstrap tree #141, logLikelihood: -1935.117460
[00:00:05] [worker #0] Bootstrap tree #143, logLikelihood: -1954.089183
[00:00:05] [worker #0] Bootstrap tree #145, logLikelihood: -1919.864596
[00:00:05] [worker #0] Bootstrap tree #147, logLikelihood: -1955.836444
[00:00:05] [worker #0] Bootstrap tree #149, logLikelihood: -1932.214367
[00:00:05] [worker #1] Bootstrap tree #152, logLikelihood: -1945.389928
[00:00:05] [worker #0] Bootstrap tree #151, logLikelihood: -1913.337601
[00:00:05] [worker #1] Bootstrap tree #154, logLikelihood: -1912.197443
[00:00:05] [worker #0] Bootstrap tree #153, logLikelihood: -1963.069106
[00:00:06] [worker #1] Bootstrap tree #156, logLikelihood: -1979.361520
[00:00:06] [worker #0] Bootstrap tree #155, logLikelihood: -1898.606895
[00:00:06] [worker #1] Bootstrap tree #158, logLikelihood: -1968.925099
[00:00:06] [worker #0] Bootstrap tree #157, logLikelihood: -1977.799262
[00:00:06] [worker #1] Bootstrap tree #160, logLikelihood: -1974.384660
[00:00:06] [worker #0] Bootstrap tree #159, logLikelihood: -1923.640203
[00:00:06] [worker #1] Bootstrap tree #162, logLikelihood: -1954.698437
[00:00:06] [worker #0] Bootstrap tree #161, logLikelihood: -1975.208177
[00:00:06] [worker #1] Bootstrap tree #164, logLikelihood: -1967.878676
[00:00:06] [worker #0] Bootstrap tree #163, logLikelihood: -1938.793705
[00:00:06] [worker #1] Bootstrap tree #166, logLikelihood: -1922.516751
[00:00:06] [worker #0] Bootstrap tree #165, logLikelihood: -1950.816511
[00:00:06] [worker #1] Bootstrap tree #168, logLikelihood: -1974.106925
[00:00:06] [worker #1] Bootstrap tree #170, logLikelihood: -1949.867342
[00:00:06] [worker #0] Bootstrap tree #167, logLikelihood: -1970.275542
[00:00:06] [worker #1] Bootstrap tree #172, logLikelihood: -1922.947218
[00:00:06] [worker #0] Bootstrap tree #169, logLikelihood: -1951.851396
[00:00:06] [worker #1] Bootstrap tree #174, logLikelihood: -1964.725992
[00:00:06] [worker #0] Bootstrap tree #171, logLikelihood: -1907.353714
[00:00:06] [worker #1] Bootstrap tree #176, logLikelihood: -1957.998862
[00:00:06] [worker #1] Bootstrap tree #178, logLikelihood: -1918.026907
[00:00:06] [worker #0] Bootstrap tree #173, logLikelihood: -1955.998702
[00:00:06] [worker #1] Bootstrap tree #180, logLikelihood: -1949.152679
[00:00:06] [worker #0] Bootstrap tree #175, logLikelihood: -1925.796451
[00:00:06] [worker #1] Bootstrap tree #182, logLikelihood: -1946.691874
[00:00:06] [worker #0] Bootstrap tree #177, logLikelihood: -1937.862021
[00:00:06] [worker #1] Bootstrap tree #184, logLikelihood: -1960.498826
[00:00:06] [worker #0] Bootstrap tree #179, logLikelihood: -1945.971570
[00:00:06] [worker #1] Bootstrap tree #186, logLikelihood: -1936.893045
[00:00:06] [worker #1] Bootstrap tree #188, logLikelihood: -1931.763172
[00:00:06] [worker #0] Bootstrap tree #181, logLikelihood: -1946.984205
[00:00:06] [worker #1] Bootstrap tree #190, logLikelihood: -1930.803209
[00:00:07] [worker #0] Bootstrap tree #183, logLikelihood: -1985.348370
[00:00:07] [worker #1] Bootstrap tree #192, logLikelihood: -1987.147638
[00:00:07] [worker #0] Bootstrap tree #185, logLikelihood: -1981.589239
[00:00:07] [worker #1] Bootstrap tree #194, logLikelihood: -1926.845121
[00:00:07] [worker #1] Bootstrap tree #196, logLikelihood: -1972.553145
[00:00:07] [worker #0] Bootstrap tree #187, logLikelihood: -1955.432226
[00:00:07] [worker #1] Bootstrap tree #198, logLikelihood: -1945.307750
[00:00:07] [worker #0] Bootstrap tree #189, logLikelihood: -1989.042699
[00:00:07] [worker #1] Bootstrap tree #200, logLikelihood: -1922.810292
[00:00:07] [worker #0] Bootstrap tree #191, logLikelihood: -1981.565950
[00:00:07] [worker #0] Bootstrap tree #193, logLikelihood: -1919.189261
[00:00:07] [worker #0] Bootstrap tree #195, logLikelihood: -1951.326735
[00:00:07] [worker #0] Bootstrap tree #197, logLikelihood: -1936.176121
[00:00:07] [worker #0] Bootstrap tree #199, logLikelihood: -1988.184255
[00:00:07] [worker #1] Bootstrap tree #202, logLikelihood: -1953.329266
[00:00:07] [worker #0] Bootstrap tree #201, logLikelihood: -1975.113495
[00:00:07] [worker #1] Bootstrap tree #204, logLikelihood: -1970.983259
[00:00:07] [worker #0] Bootstrap tree #203, logLikelihood: -1955.332742
[00:00:07] [worker #1] Bootstrap tree #206, logLikelihood: -1945.668270
[00:00:07] [worker #0] Bootstrap tree #205, logLikelihood: -1958.573356
[00:00:07] [worker #1] Bootstrap tree #208, logLikelihood: -1959.013805
[00:00:07] [worker #0] Bootstrap tree #207, logLikelihood: -1938.910706
[00:00:07] [worker #1] Bootstrap tree #210, logLikelihood: -1972.753828
[00:00:07] [worker #0] Bootstrap tree #209, logLikelihood: -1950.462443
[00:00:07] [worker #1] Bootstrap tree #212, logLikelihood: -1938.463987
[00:00:07] [worker #1] Bootstrap tree #214, logLikelihood: -1940.841019
[00:00:07] [worker #0] Bootstrap tree #211, logLikelihood: -1924.693636
[00:00:08] [worker #1] Bootstrap tree #216, logLikelihood: -1904.096968
[00:00:08] [worker #0] Bootstrap tree #213, logLikelihood: -1990.972103
[00:00:08] [worker #1] Bootstrap tree #218, logLikelihood: -1942.859667
[00:00:08] [worker #0] Bootstrap tree #215, logLikelihood: -1950.787004
[00:00:08] [worker #1] Bootstrap tree #220, logLikelihood: -1948.553504
[00:00:08] [worker #0] Bootstrap tree #217, logLikelihood: -1956.423698
[00:00:08] [worker #1] Bootstrap tree #222, logLikelihood: -1972.350369
[00:00:08] [worker #1] Bootstrap tree #224, logLikelihood: -1963.846421
[00:00:08] [worker #0] Bootstrap tree #219, logLikelihood: -1965.026512
[00:00:08] [worker #1] Bootstrap tree #226, logLikelihood: -1904.684571
[00:00:08] [worker #0] Bootstrap tree #221, logLikelihood: -1943.642779
[00:00:08] [worker #1] Bootstrap tree #228, logLikelihood: -1973.081680
[00:00:08] [worker #0] Bootstrap tree #223, logLikelihood: -1925.558220
[00:00:08] [worker #1] Bootstrap tree #230, logLikelihood: -1945.893151
[00:00:08] [worker #0] Bootstrap tree #225, logLikelihood: -1955.625576
[00:00:08] [worker #1] Bootstrap tree #232, logLikelihood: -1926.800101
[00:00:08] [worker #0] Bootstrap tree #227, logLikelihood: -1908.353681
[00:00:08] [worker #1] Bootstrap tree #234, logLikelihood: -1940.315461
[00:00:08] [worker #0] Bootstrap tree #229, logLikelihood: -1919.355647
[00:00:08] [worker #1] Bootstrap tree #236, logLikelihood: -1889.061385
[00:00:08] [worker #0] Bootstrap tree #231, logLikelihood: -1921.170983
[00:00:08] [worker #1] Bootstrap tree #238, logLikelihood: -1978.954576
[00:00:08] [worker #1] Bootstrap tree #240, logLikelihood: -1918.517860
[00:00:08] [worker #0] Bootstrap tree #233, logLikelihood: -1913.725032
[00:00:08] [worker #1] Bootstrap tree #242, logLikelihood: -1957.976481
[00:00:08] [worker #0] Bootstrap tree #235, logLikelihood: -1977.211134
[00:00:08] [worker #1] Bootstrap tree #244, logLikelihood: -1939.308985
[00:00:08] [worker #0] Bootstrap tree #237, logLikelihood: -1934.878825
[00:00:08] [worker #1] Bootstrap tree #246, logLikelihood: -1980.213183
[00:00:08] [worker #0] Bootstrap tree #239, logLikelihood: -1927.537410
[00:00:08] [worker #1] Bootstrap tree #248, logLikelihood: -1944.734094
[00:00:09] [worker #1] Bootstrap tree #250, logLikelihood: -1984.418077
[00:00:09] [worker #0] Bootstrap tree #241, logLikelihood: -1952.706820
[00:00:09] [worker #0] Bootstrap tree #243, logLikelihood: -1927.762276
[00:00:09] [worker #0] Bootstrap tree #245, logLikelihood: -1960.773402
[00:00:09] [worker #0] Bootstrap tree #247, logLikelihood: -1945.016016
[00:00:09] [worker #0] Bootstrap tree #249, logLikelihood: -1942.666862
[00:00:09] [worker #1] Bootstrap tree #252, logLikelihood: -1898.995262
[00:00:09] [worker #0] Bootstrap tree #251, logLikelihood: -1913.094683
[00:00:09] [worker #1] Bootstrap tree #254, logLikelihood: -1913.586810
[00:00:09] [worker #0] Bootstrap tree #253, logLikelihood: -1929.562291
[00:00:09] [worker #1] Bootstrap tree #256, logLikelihood: -1975.604593
[00:00:09] [worker #0] Bootstrap tree #255, logLikelihood: -1916.330748
[00:00:09] [worker #1] Bootstrap tree #258, logLikelihood: -1922.698693
[00:00:09] [worker #0] Bootstrap tree #257, logLikelihood: -1925.147968
[00:00:09] [worker #1] Bootstrap tree #260, logLikelihood: -1935.105808
[00:00:09] [worker #0] Bootstrap tree #259, logLikelihood: -1980.838860
[00:00:09] [worker #1] Bootstrap tree #262, logLikelihood: -1956.792130
[00:00:09] [worker #1] Bootstrap tree #264, logLikelihood: -1924.235903
[00:00:09] [worker #0] Bootstrap tree #261, logLikelihood: -1914.374071
[00:00:09] [worker #1] Bootstrap tree #266, logLikelihood: -1957.505593
[00:00:09] [worker #0] Bootstrap tree #263, logLikelihood: -1954.868378
[00:00:09] [worker #1] Bootstrap tree #268, logLikelihood: -1982.798776
[00:00:09] [worker #0] Bootstrap tree #265, logLikelihood: -1924.167148
[00:00:09] [worker #1] Bootstrap tree #270, logLikelihood: -1951.234828
[00:00:09] [worker #0] Bootstrap tree #267, logLikelihood: -1988.943495
[00:00:10] [worker #1] Bootstrap tree #272, logLikelihood: -1960.489818
[00:00:10] [worker #0] Bootstrap tree #269, logLikelihood: -1958.953432
[00:00:10] [worker #1] Bootstrap tree #274, logLikelihood: -1932.355826
[00:00:10] [worker #0] Bootstrap tree #271, logLikelihood: -1937.872013
[00:00:10] [worker #1] Bootstrap tree #276, logLikelihood: -1925.132437
[00:00:10] [worker #0] Bootstrap tree #273, logLikelihood: -1963.451874
[00:00:10] [worker #1] Bootstrap tree #278, logLikelihood: -1922.185301
[00:00:10] [worker #0] Bootstrap tree #275, logLikelihood: -1930.635345
[00:00:10] [worker #1] Bootstrap tree #280, logLikelihood: -1932.267674
[00:00:10] [worker #0] Bootstrap tree #277, logLikelihood: -1939.957859
[00:00:10] [worker #1] Bootstrap tree #282, logLikelihood: -1902.613069
[00:00:10] [worker #1] Bootstrap tree #284, logLikelihood: -1926.624424
[00:00:10] [worker #0] Bootstrap tree #279, logLikelihood: -1963.880971
[00:00:10] [worker #1] Bootstrap tree #286, logLikelihood: -2005.914188
[00:00:10] [worker #0] Bootstrap tree #281, logLikelihood: -1955.172858
[00:00:10] [worker #1] Bootstrap tree #288, logLikelihood: -1908.482095
[00:00:10] [worker #0] Bootstrap tree #283, logLikelihood: -1943.139302
[00:00:10] [worker #1] Bootstrap tree #290, logLikelihood: -1945.655541
[00:00:10] [worker #0] Bootstrap tree #285, logLikelihood: -1931.108533
[00:00:10] [worker #1] Bootstrap tree #292, logLikelihood: -1998.717204
[00:00:10] [worker #1] Bootstrap tree #294, logLikelihood: -1997.484699
[00:00:10] [worker #0] Bootstrap tree #287, logLikelihood: -1961.343200
[00:00:10] [worker #1] Bootstrap tree #296, logLikelihood: -1942.318762
[00:00:10] [worker #0] Bootstrap tree #289, logLikelihood: -1975.059810
[00:00:10] [worker #1] Bootstrap tree #298, logLikelihood: -1906.347004
[00:00:10] [worker #0] Bootstrap tree #291, logLikelihood: -1982.790605
[00:00:10] [worker #1] Bootstrap tree #300, logLikelihood: -1879.440743
[00:00:10] [worker #0] Bootstrap tree #293, logLikelihood: -1930.080554
[00:00:10] [worker #0] Bootstrap tree #295, logLikelihood: -1953.997838
[00:00:11] [worker #0] Bootstrap tree #297, logLikelihood: -1944.436261
[00:00:11] [worker #0] Bootstrap tree #299, logLikelihood: -1961.403652
[00:00:11] [worker #1] Bootstrap tree #302, logLikelihood: -1948.908936
[00:00:11] [worker #0] Bootstrap tree #301, logLikelihood: -1993.894258
[00:00:11] [worker #1] Bootstrap tree #304, logLikelihood: -1944.177176
[00:00:11] [worker #0] Bootstrap tree #303, logLikelihood: -1929.343394
[00:00:11] [worker #1] Bootstrap tree #306, logLikelihood: -1935.470963
[00:00:11] [worker #0] Bootstrap tree #305, logLikelihood: -1936.142209
[00:00:11] [worker #1] Bootstrap tree #308, logLikelihood: -1946.965151
[00:00:11] [worker #1] Bootstrap tree #310, logLikelihood: -1948.074178
[00:00:11] [worker #0] Bootstrap tree #307, logLikelihood: -1945.421509
[00:00:11] [worker #1] Bootstrap tree #312, logLikelihood: -1908.577911
[00:00:11] [worker #0] Bootstrap tree #309, logLikelihood: -1943.291073
[00:00:11] [worker #1] Bootstrap tree #314, logLikelihood: -1933.492127
[00:00:11] [worker #1] Bootstrap tree #316, logLikelihood: -1958.208286
[00:00:11] [worker #0] Bootstrap tree #311, logLikelihood: -1972.947539
[00:00:11] [worker #1] Bootstrap tree #318, logLikelihood: -1976.621346
[00:00:11] [worker #0] Bootstrap tree #313, logLikelihood: -1935.252269
[00:00:11] [worker #1] Bootstrap tree #320, logLikelihood: -1924.925028
[00:00:11] [worker #0] Bootstrap tree #315, logLikelihood: -1928.336353
[00:00:11] [worker #1] Bootstrap tree #322, logLikelihood: -1945.219712
[00:00:11] [worker #0] Bootstrap tree #317, logLikelihood: -1969.351644
[00:00:11] [worker #1] Bootstrap tree #324, logLikelihood: -1916.527690
[00:00:11] [worker #0] Bootstrap tree #319, logLikelihood: -1950.631727
[00:00:11] [worker #1] Bootstrap tree #326, logLikelihood: -1947.518532
[00:00:11] [worker #1] Bootstrap tree #328, logLikelihood: -1957.867035
[00:00:11] [worker #0] Bootstrap tree #321, logLikelihood: -1960.447464
[00:00:12] [worker #1] Bootstrap tree #330, logLikelihood: -1936.124439
[00:00:12] [worker #0] Bootstrap tree #323, logLikelihood: -1959.179517
[00:00:12] [worker #1] Bootstrap tree #332, logLikelihood: -1936.666749
[00:00:12] [worker #0] Bootstrap tree #325, logLikelihood: -1958.677469
[00:00:12] [worker #1] Bootstrap tree #334, logLikelihood: -1984.637692
[00:00:12] [worker #0] Bootstrap tree #327, logLikelihood: -1905.220481
[00:00:12] [worker #1] Bootstrap tree #336, logLikelihood: -1956.943110
[00:00:12] [worker #0] Bootstrap tree #329, logLikelihood: -2001.706121
[00:00:12] [worker #1] Bootstrap tree #338, logLikelihood: -1969.736591
[00:00:12] [worker #0] Bootstrap tree #331, logLikelihood: -1968.632267
[00:00:12] [worker #1] Bootstrap tree #340, logLikelihood: -1933.495960
[00:00:12] [worker #0] Bootstrap tree #333, logLikelihood: -1915.558996
[00:00:12] [worker #1] Bootstrap tree #342, logLikelihood: -1912.998000
[00:00:12] [worker #1] Bootstrap tree #344, logLikelihood: -1929.299583
[00:00:12] [worker #0] Bootstrap tree #335, logLikelihood: -1948.853515
[00:00:12] [worker #1] Bootstrap tree #346, logLikelihood: -1897.598132
[00:00:12] [worker #0] Bootstrap tree #337, logLikelihood: -1974.792572
[00:00:12] [worker #1] Bootstrap tree #348, logLikelihood: -1953.554667
[00:00:12] [worker #0] Bootstrap tree #339, logLikelihood: -1919.456474
[00:00:12] [worker #1] Bootstrap tree #350, logLikelihood: -1924.342694
[00:00:12] [worker #0] Bootstrap tree #341, logLikelihood: -1919.287844
[00:00:12] [worker #0] Bootstrap tree #343, logLikelihood: -1928.719887
[00:00:12] [worker #0] Bootstrap tree #345, logLikelihood: -1957.282725
[00:00:12] [worker #0] Bootstrap tree #347, logLikelihood: -1975.705912
[00:00:13] [worker #0] Bootstrap tree #349, logLikelihood: -1967.232274
[00:00:13] [worker #1] Bootstrap tree #352, logLikelihood: -1921.145331
[00:00:13] [worker #0] Bootstrap tree #351, logLikelihood: -1917.078357
[00:00:13] [worker #0] Bootstrap tree #353, logLikelihood: -1953.126138
[00:00:13] [worker #1] Bootstrap tree #354, logLikelihood: -1965.889204
[00:00:13] [worker #1] Bootstrap tree #356, logLikelihood: -1920.238379
[00:00:13] [worker #0] Bootstrap tree #355, logLikelihood: -1955.195846
[00:00:13] [worker #1] Bootstrap tree #358, logLikelihood: -1937.311496
[00:00:13] [worker #0] Bootstrap tree #357, logLikelihood: -1951.185981
[00:00:13] [worker #1] Bootstrap tree #360, logLikelihood: -1975.446701
[00:00:13] [worker #0] Bootstrap tree #359, logLikelihood: -1958.558997
[00:00:13] [worker #1] Bootstrap tree #362, logLikelihood: -1935.981150
[00:00:13] [worker #0] Bootstrap tree #361, logLikelihood: -1946.880540
[00:00:13] [worker #1] Bootstrap tree #364, logLikelihood: -1904.123489
[00:00:13] [worker #1] Bootstrap tree #366, logLikelihood: -1946.677587
[00:00:13] [worker #0] Bootstrap tree #363, logLikelihood: -1923.709688
[00:00:13] [worker #1] Bootstrap tree #368, logLikelihood: -1965.945937
[00:00:13] [worker #0] Bootstrap tree #365, logLikelihood: -1945.525200
[00:00:13] [worker #1] Bootstrap tree #370, logLikelihood: -1964.597046
[00:00:13] [worker #0] Bootstrap tree #367, logLikelihood: -1946.569799
[00:00:13] [worker #1] Bootstrap tree #372, logLikelihood: -1963.474440
[00:00:13] [worker #0] Bootstrap tree #369, logLikelihood: -1926.858670
[00:00:13] [worker #1] Bootstrap tree #374, logLikelihood: -1954.090911
[00:00:13] [worker #0] Bootstrap tree #371, logLikelihood: -1946.492877
[00:00:13] [worker #1] Bootstrap tree #376, logLikelihood: -1936.813701
[00:00:13] [worker #1] Bootstrap tree #378, logLikelihood: -1942.040818
[00:00:13] [worker #0] Bootstrap tree #373, logLikelihood: -1958.742359
[00:00:13] [worker #1] Bootstrap tree #380, logLikelihood: -1945.122979
[00:00:13] [worker #0] Bootstrap tree #375, logLikelihood: -1966.424464
[00:00:13] [worker #1] Bootstrap tree #382, logLikelihood: -1940.303159
[00:00:14] [worker #0] Bootstrap tree #377, logLikelihood: -1954.748665
[00:00:14] [worker #1] Bootstrap tree #384, logLikelihood: -1933.580601
[00:00:14] [worker #0] Bootstrap tree #379, logLikelihood: -1887.193955
[00:00:14] [worker #1] Bootstrap tree #386, logLikelihood: -1920.119381
[00:00:14] [worker #0] Bootstrap tree #381, logLikelihood: -1960.566432
[00:00:14] [worker #1] Bootstrap tree #388, logLikelihood: -1947.848771
[00:00:14] [worker #1] Bootstrap tree #390, logLikelihood: -1950.478138
[00:00:14] [worker #0] Bootstrap tree #383, logLikelihood: -1944.374394
[00:00:14] [worker #1] Bootstrap tree #392, logLikelihood: -1956.447188
[00:00:14] [worker #0] Bootstrap tree #385, logLikelihood: -1915.519060
[00:00:14] [worker #1] Bootstrap tree #394, logLikelihood: -1904.263801
[00:00:14] [worker #0] Bootstrap tree #387, logLikelihood: -1927.602317
[00:00:14] [worker #1] Bootstrap tree #396, logLikelihood: -1964.726653
[00:00:14] [worker #1] Bootstrap tree #398, logLikelihood: -1924.516610
[00:00:14] [worker #0] Bootstrap tree #389, logLikelihood: -1933.316000
[00:00:14] [worker #1] Bootstrap tree #400, logLikelihood: -1964.700042
[00:00:14] [worker #0] Bootstrap tree #391, logLikelihood: -1954.070121
[00:00:14] [worker #0] Bootstrap tree #393, logLikelihood: -1964.273449
[00:00:14] [worker #0] Bootstrap tree #395, logLikelihood: -1927.960129
[00:00:14] [worker #0] Bootstrap tree #397, logLikelihood: -1954.518664
[00:00:14] [worker #0] Bootstrap tree #399, logLikelihood: -1951.614606
[00:00:14] [worker #0] Bootstrap tree #401, logLikelihood: -1913.992624
[00:00:14] [worker #1] Bootstrap tree #402, logLikelihood: -1981.729753
[00:00:15] [worker #0] Bootstrap tree #403, logLikelihood: -1956.578443
[00:00:15] [worker #1] Bootstrap tree #404, logLikelihood: -1950.974822
[00:00:15] [worker #1] Bootstrap tree #406, logLikelihood: -1955.408309
[00:00:15] [worker #0] Bootstrap tree #405, logLikelihood: -1922.105127
[00:00:15] [worker #1] Bootstrap tree #408, logLikelihood: -1956.407972
[00:00:15] [worker #0] Bootstrap tree #407, logLikelihood: -1916.428354
[00:00:15] [worker #1] Bootstrap tree #410, logLikelihood: -1924.585193
[00:00:15] [worker #0] Bootstrap tree #409, logLikelihood: -1919.260180
[00:00:15] [worker #1] Bootstrap tree #412, logLikelihood: -1991.759341
[00:00:15] [worker #0] Bootstrap tree #411, logLikelihood: -1988.508672
[00:00:15] [worker #1] Bootstrap tree #414, logLikelihood: -1965.248508
[00:00:15] [worker #0] Bootstrap tree #413, logLikelihood: -1961.668631
[00:00:15] [worker #1] Bootstrap tree #416, logLikelihood: -1978.057261
[00:00:15] [worker #1] Bootstrap tree #418, logLikelihood: -1943.436069
[00:00:15] [worker #0] Bootstrap tree #415, logLikelihood: -1965.315986
[00:00:15] [worker #1] Bootstrap tree #420, logLikelihood: -1916.098740
[00:00:15] [worker #0] Bootstrap tree #417, logLikelihood: -1944.265955
[00:00:15] [worker #1] Bootstrap tree #422, logLikelihood: -1920.965788
[00:00:15] [worker #0] Bootstrap tree #419, logLikelihood: -1944.559860
[00:00:15] [worker #1] Bootstrap tree #424, logLikelihood: -1955.337571
[00:00:15] [worker #0] Bootstrap tree #421, logLikelihood: -1937.702059
[00:00:15] [worker #1] Bootstrap tree #426, logLikelihood: -1984.566452
[00:00:15] [worker #1] Bootstrap tree #428, logLikelihood: -1934.304064
[00:00:15] [worker #0] Bootstrap tree #423, logLikelihood: -1945.216941
[00:00:15] [worker #1] Bootstrap tree #430, logLikelihood: -1974.151744
[00:00:15] [worker #0] Bootstrap tree #425, logLikelihood: -1942.812746
[00:00:15] [worker #1] Bootstrap tree #432, logLikelihood: -1926.797519
[00:00:15] [worker #0] Bootstrap tree #427, logLikelihood: -1940.305972
[00:00:15] [worker #1] Bootstrap tree #434, logLikelihood: -1929.753426
[00:00:15] [worker #0] Bootstrap tree #429, logLikelihood: -1964.233270
[00:00:16] [worker #1] Bootstrap tree #436, logLikelihood: -1979.122703
[00:00:16] [worker #0] Bootstrap tree #431, logLikelihood: -1986.941793
[00:00:16] [worker #1] Bootstrap tree #438, logLikelihood: -1962.938538
[00:00:16] [worker #0] Bootstrap tree #433, logLikelihood: -1924.692590
[00:00:16] [worker #1] Bootstrap tree #440, logLikelihood: -1919.553182
[00:00:16] [worker #0] Bootstrap tree #435, logLikelihood: -1917.791741
[00:00:16] [worker #1] Bootstrap tree #442, logLikelihood: -1975.311379
[00:00:16] [worker #0] Bootstrap tree #437, logLikelihood: -1931.744933
[00:00:16] [worker #1] Bootstrap tree #444, logLikelihood: -1953.619023
[00:00:16] [worker #0] Bootstrap tree #439, logLikelihood: -1951.372533
[00:00:16] [worker #1] Bootstrap tree #446, logLikelihood: -1975.658790
[00:00:16] [worker #1] Bootstrap tree #448, logLikelihood: -1959.519401
[00:00:16] [worker #0] Bootstrap tree #441, logLikelihood: -1979.223906
[00:00:16] [worker #1] Bootstrap tree #450, logLikelihood: -1927.610521
[00:00:16] [worker #0] Bootstrap tree #443, logLikelihood: -1930.101104
[00:00:16] [worker #0] Bootstrap tree #445, logLikelihood: -1921.320799
[00:00:16] [worker #0] Bootstrap tree #447, logLikelihood: -1951.998390
[00:00:16] [worker #0] Bootstrap tree #449, logLikelihood: -1950.691356
[00:00:16] [worker #1] Bootstrap tree #452, logLikelihood: -1916.303290
[00:00:16] [worker #0] Bootstrap tree #451, logLikelihood: -1934.648634
[00:00:16] [worker #1] Bootstrap tree #454, logLikelihood: -1945.838055
[00:00:16] [worker #0] Bootstrap tree #453, logLikelihood: -1966.344097
[00:00:16] [worker #1] Bootstrap tree #456, logLikelihood: -1946.280606
[00:00:16] [worker #0] Bootstrap tree #455, logLikelihood: -1945.973613
[00:00:16] [worker #1] Bootstrap tree #458, logLikelihood: -1967.003896
[00:00:16] [worker #0] Bootstrap tree #457, logLikelihood: -1968.044650
[00:00:17] [worker #1] Bootstrap tree #460, logLikelihood: -1951.987212
[00:00:17] [worker #0] Bootstrap tree #459, logLikelihood: -1905.292239
[00:00:17] [worker #1] Bootstrap tree #462, logLikelihood: -1928.462337
[00:00:17] [worker #0] Bootstrap tree #461, logLikelihood: -1917.669838
[00:00:17] [worker #1] Bootstrap tree #464, logLikelihood: -1953.541960
[00:00:17] [worker #0] Bootstrap tree #463, logLikelihood: -1963.792223
[00:00:17] [worker #1] Bootstrap tree #466, logLikelihood: -1955.288647
[00:00:17] [worker #1] Bootstrap tree #468, logLikelihood: -1947.940785
[00:00:17] [worker #0] Bootstrap tree #465, logLikelihood: -1956.647055
[00:00:17] [worker #1] Bootstrap tree #470, logLikelihood: -1975.109972
[00:00:17] [worker #0] Bootstrap tree #467, logLikelihood: -2011.360730
[00:00:17] [worker #1] Bootstrap tree #472, logLikelihood: -1920.782949
[00:00:17] [worker #0] Bootstrap tree #469, logLikelihood: -1928.204588
[00:00:17] [worker #1] Bootstrap tree #474, logLikelihood: -1917.683728
[00:00:17] [worker #0] Bootstrap tree #471, logLikelihood: -1928.056496
[00:00:17] [worker #1] Bootstrap tree #476, logLikelihood: -1957.340755
[00:00:17] [worker #0] Bootstrap tree #473, logLikelihood: -1943.993515
[00:00:17] [worker #1] Bootstrap tree #478, logLikelihood: -1948.059428
[00:00:17] [worker #1] Bootstrap tree #480, logLikelihood: -1951.780103
[00:00:17] [worker #0] Bootstrap tree #475, logLikelihood: -1932.836161
[00:00:17] [worker #1] Bootstrap tree #482, logLikelihood: -1950.127191
[00:00:17] [worker #0] Bootstrap tree #477, logLikelihood: -1968.591273
[00:00:17] [worker #1] Bootstrap tree #484, logLikelihood: -1948.086189
[00:00:17] [worker #0] Bootstrap tree #479, logLikelihood: -1956.476184
[00:00:17] [worker #1] Bootstrap tree #486, logLikelihood: -1912.442504
[00:00:17] [worker #0] Bootstrap tree #481, logLikelihood: -1935.163217
[00:00:17] [worker #1] Bootstrap tree #488, logLikelihood: -1928.501699
[00:00:17] [worker #0] Bootstrap tree #483, logLikelihood: -1945.404302
[00:00:18] [worker #1] Bootstrap tree #490, logLikelihood: -1946.439393
[00:00:18] [worker #0] Bootstrap tree #485, logLikelihood: -1964.392681
[00:00:18] [worker #1] Bootstrap tree #492, logLikelihood: -1941.076096
[00:00:18] [worker #1] Bootstrap tree #494, logLikelihood: -1968.370123
[00:00:18] [worker #0] Bootstrap tree #487, logLikelihood: -1958.527807
[00:00:18] [worker #1] Bootstrap tree #496, logLikelihood: -1953.529167
[00:00:18] [worker #0] Bootstrap tree #489, logLikelihood: -1953.330554
[00:00:18] [worker #1] Bootstrap tree #498, logLikelihood: -1933.203322
[00:00:18] [worker #0] Bootstrap tree #491, logLikelihood: -1923.820606
[00:00:18] [worker #1] Bootstrap tree #500, logLikelihood: -1952.715083
[00:00:18] [worker #0] Bootstrap tree #493, logLikelihood: -1965.048121
[00:00:18] [worker #0] Bootstrap tree #495, logLikelihood: -1916.194516
[00:00:18] [worker #0] Bootstrap tree #497, logLikelihood: -1919.722799
[00:00:18] [worker #0] Bootstrap tree #499, logLikelihood: -1919.164886
[00:00:18] [worker #1] Bootstrap tree #502, logLikelihood: -1930.995086
[00:00:18] [worker #0] Bootstrap tree #501, logLikelihood: -1983.754726
[00:00:18] [worker #1] Bootstrap tree #504, logLikelihood: -1895.827358
[00:00:18] [worker #0] Bootstrap tree #503, logLikelihood: -1940.668178
[00:00:18] [worker #1] Bootstrap tree #506, logLikelihood: -1952.493880
[00:00:18] [worker #0] Bootstrap tree #505, logLikelihood: -1966.819914
[00:00:18] [worker #1] Bootstrap tree #508, logLikelihood: -1949.189120
[00:00:18] [worker #0] Bootstrap tree #507, logLikelihood: -1918.429769
[00:00:18] [worker #1] Bootstrap tree #510, logLikelihood: -1943.457305
[00:00:18] [worker #1] Bootstrap tree #512, logLikelihood: -1925.074892
[00:00:18] [worker #0] Bootstrap tree #509, logLikelihood: -1968.760467
[00:00:19] [worker #1] Bootstrap tree #514, logLikelihood: -1982.299372
[00:00:19] [worker #0] Bootstrap tree #511, logLikelihood: -1943.005015
[00:00:19] [worker #1] Bootstrap tree #516, logLikelihood: -1926.254469
[00:00:19] [worker #0] Bootstrap tree #513, logLikelihood: -1945.384130
[00:00:19] [worker #1] Bootstrap tree #518, logLikelihood: -1928.339923
[00:00:19] [worker #0] Bootstrap tree #515, logLikelihood: -1906.243874
[00:00:19] [worker #1] Bootstrap tree #520, logLikelihood: -1928.991654
[00:00:19] [worker #0] Bootstrap tree #517, logLikelihood: -1975.947749
[00:00:19] [worker #1] Bootstrap tree #522, logLikelihood: -1924.872931
[00:00:19] [worker #0] Bootstrap tree #519, logLikelihood: -1943.710144
[00:00:19] [worker #1] Bootstrap tree #524, logLikelihood: -1975.166898
[00:00:19] [worker #0] Bootstrap tree #521, logLikelihood: -1985.084690
[00:00:19] [worker #1] Bootstrap tree #526, logLikelihood: -1943.863058
[00:00:19] [worker #1] Bootstrap tree #528, logLikelihood: -1948.275694
[00:00:19] [worker #0] Bootstrap tree #523, logLikelihood: -1928.398526
[00:00:19] [worker #0] Bootstrap tree #525, logLikelihood: -1909.619968
[00:00:19] [worker #1] Bootstrap tree #530, logLikelihood: -1929.333615
[00:00:19] [worker #0] Bootstrap tree #527, logLikelihood: -1945.855281
[00:00:19] [worker #1] Bootstrap tree #532, logLikelihood: -1960.963420
[00:00:19] [worker #1] Bootstrap tree #534, logLikelihood: -1950.662097
[00:00:19] [worker #0] Bootstrap tree #529, logLikelihood: -1917.249407
[00:00:19] [worker #1] Bootstrap tree #536, logLikelihood: -1925.775141
[00:00:19] [worker #0] Bootstrap tree #531, logLikelihood: -1980.757004
[00:00:19] [worker #1] Bootstrap tree #538, logLikelihood: -1981.682478
[00:00:19] [worker #0] Bootstrap tree #533, logLikelihood: -1917.311978
[00:00:19] [worker #1] Bootstrap tree #540, logLikelihood: -1938.202813
[00:00:19] [worker #0] Bootstrap tree #535, logLikelihood: -1949.980876
[00:00:19] [worker #1] Bootstrap tree #542, logLikelihood: -1975.398415
[00:00:20] [worker #1] Bootstrap tree #544, logLikelihood: -1968.112050
[00:00:20] [worker #0] Bootstrap tree #537, logLikelihood: -1948.420063
[00:00:20] [worker #1] Bootstrap tree #546, logLikelihood: -1949.346204
[00:00:20] [worker #0] Bootstrap tree #539, logLikelihood: -1945.126661
[00:00:20] [worker #1] Bootstrap tree #548, logLikelihood: -1907.757788
[00:00:20] [worker #0] Bootstrap tree #541, logLikelihood: -1945.684869
[00:00:20] [worker #1] Bootstrap tree #550, logLikelihood: -2010.347889
[00:00:20] [worker #0] Bootstrap tree #543, logLikelihood: -1984.797251
[00:00:20] [worker #0] Bootstrap tree #545, logLikelihood: -1930.822561
[00:00:20] [worker #0] Bootstrap tree #547, logLikelihood: -1991.251233
[00:00:20] [worker #0] Bootstrap tree #549, logLikelihood: -1919.871793
[00:00:20] [worker #1] Bootstrap tree #552, logLikelihood: -1960.923995
[00:00:20] [worker #0] Bootstrap tree #551, logLikelihood: -1919.383155
[00:00:20] [worker #1] Bootstrap tree #554, logLikelihood: -1954.656333
[00:00:20] [worker #0] Bootstrap tree #553, logLikelihood: -1971.266042
[00:00:20] [worker #1] Bootstrap tree #556, logLikelihood: -1929.747339
[00:00:20] [worker #0] Bootstrap tree #555, logLikelihood: -1973.721118
[00:00:20] [worker #1] Bootstrap tree #558, logLikelihood: -1959.772323
[00:00:20] [worker #0] Bootstrap tree #557, logLikelihood: -1951.947518
[00:00:20] [worker #1] Bootstrap tree #560, logLikelihood: -1981.159572
[00:00:20] [worker #0] Bootstrap tree #559, logLikelihood: -1911.981978
[00:00:20] [worker #1] Bootstrap tree #562, logLikelihood: -1900.541533
[00:00:20] [worker #0] Bootstrap tree #561, logLikelihood: -1962.905919
[00:00:20] [worker #1] Bootstrap tree #564, logLikelihood: -1937.559693
[00:00:21] [worker #0] Bootstrap tree #563, logLikelihood: -1918.696066
[00:00:21] [worker #1] Bootstrap tree #566, logLikelihood: -1921.422751
[00:00:21] [worker #0] Bootstrap tree #565, logLikelihood: -1935.034844
[00:00:21] [worker #1] Bootstrap tree #568, logLikelihood: -1942.156619
[00:00:21] [worker #0] Bootstrap tree #567, logLikelihood: -1991.018285
[00:00:21] [worker #1] Bootstrap tree #570, logLikelihood: -1934.022131
[00:00:21] [worker #0] Bootstrap tree #569, logLikelihood: -1926.871337
[00:00:21] [worker #1] Bootstrap tree #572, logLikelihood: -1925.320348
[00:00:21] [worker #0] Bootstrap tree #571, logLikelihood: -1938.012742
[00:00:21] [worker #1] Bootstrap tree #574, logLikelihood: -1945.247138
[00:00:21] [worker #0] Bootstrap tree #573, logLikelihood: -1960.254856
[00:00:21] [worker #1] Bootstrap tree #576, logLikelihood: -1953.208058
[00:00:21] [worker #1] Bootstrap tree #578, logLikelihood: -1948.278414
[00:00:21] [worker #0] Bootstrap tree #575, logLikelihood: -1904.950912
[00:00:21] [worker #1] Bootstrap tree #580, logLikelihood: -1948.332014
[00:00:21] [worker #0] Bootstrap tree #577, logLikelihood: -1979.955083
[00:00:21] [worker #1] Bootstrap tree #582, logLikelihood: -1943.444453
[00:00:21] [worker #0] Bootstrap tree #579, logLikelihood: -1941.454191
[00:00:21] [worker #1] Bootstrap tree #584, logLikelihood: -1987.181966
[00:00:21] [worker #0] Bootstrap tree #581, logLikelihood: -1931.698588
[00:00:21] [worker #1] Bootstrap tree #586, logLikelihood: -1953.799809
[00:00:21] [worker #0] Bootstrap tree #583, logLikelihood: -1990.487235
[00:00:21] [worker #1] Bootstrap tree #588, logLikelihood: -1937.362328
[00:00:21] [worker #1] Bootstrap tree #590, logLikelihood: -1952.514534
[00:00:21] [worker #0] Bootstrap tree #585, logLikelihood: -1941.816467
[00:00:21] [worker #1] Bootstrap tree #592, logLikelihood: -1957.997758
[00:00:21] [worker #0] Bootstrap tree #587, logLikelihood: -1933.086183
[00:00:21] [worker #1] Bootstrap tree #594, logLikelihood: -1960.703601
[00:00:22] [worker #0] Bootstrap tree #589, logLikelihood: -1917.552664
[00:00:22] [worker #1] Bootstrap tree #596, logLikelihood: -1903.670397
[00:00:22] [worker #0] Bootstrap tree #591, logLikelihood: -1963.439864
[00:00:22] [worker #1] Bootstrap tree #598, logLikelihood: -1946.438929
[00:00:22] [worker #0] Bootstrap tree #593, logLikelihood: -1975.503850
[00:00:22] [worker #1] Bootstrap tree #600, logLikelihood: -1943.357155
[00:00:22] [worker #0] Bootstrap tree #595, logLikelihood: -1936.169215
[00:00:22] [worker #0] Bootstrap tree #597, logLikelihood: -1926.904224
[00:00:22] [worker #0] Bootstrap tree #599, logLikelihood: -1976.091784
[00:00:22] [worker #1] Bootstrap tree #602, logLikelihood: -1932.302801
[00:00:22] [worker #0] Bootstrap tree #601, logLikelihood: -1920.626890
[00:00:22] [worker #1] Bootstrap tree #604, logLikelihood: -1967.948890
[00:00:22] [worker #0] Bootstrap tree #603, logLikelihood: -1960.774325
[00:00:22] [worker #1] Bootstrap tree #606, logLikelihood: -1929.354789
[00:00:22] [worker #0] Bootstrap tree #605, logLikelihood: -1945.116811
[00:00:22] [worker #1] Bootstrap tree #608, logLikelihood: -1934.841798
[00:00:22] [worker #0] Bootstrap tree #607, logLikelihood: -1992.437672
[00:00:22] [worker #1] Bootstrap tree #610, logLikelihood: -1959.245849
[00:00:22] [worker #0] Bootstrap tree #609, logLikelihood: -1912.998428
[00:00:22] [worker #1] Bootstrap tree #612, logLikelihood: -1918.317544
[00:00:22] [worker #0] Bootstrap tree #611, logLikelihood: -1983.645742
[00:00:22] [worker #1] Bootstrap tree #614, logLikelihood: -1953.001743
[00:00:22] [worker #0] Bootstrap tree #613, logLikelihood: -1944.364578
[00:00:22] [worker #1] Bootstrap tree #616, logLikelihood: -1956.524983
[00:00:23] [worker #0] Bootstrap tree #615, logLikelihood: -1941.785940
[00:00:23] [worker #1] Bootstrap tree #618, logLikelihood: -1961.018373
[00:00:23] [worker #0] Bootstrap tree #617, logLikelihood: -1943.817516
[00:00:23] [worker #1] Bootstrap tree #620, logLikelihood: -1969.617446
[00:00:23] [worker #0] Bootstrap tree #619, logLikelihood: -1941.847606
[00:00:23] [worker #1] Bootstrap tree #622, logLikelihood: -1934.459895
[00:00:23] [worker #0] Bootstrap tree #621, logLikelihood: -1977.087665
[00:00:23] [worker #1] Bootstrap tree #624, logLikelihood: -1968.217615
[00:00:23] [worker #0] Bootstrap tree #623, logLikelihood: -1916.374275
[00:00:23] [worker #1] Bootstrap tree #626, logLikelihood: -1937.953379
[00:00:23] [worker #1] Bootstrap tree #628, logLikelihood: -1920.557092
[00:00:23] [worker #0] Bootstrap tree #625, logLikelihood: -1965.294796
[00:00:23] [worker #1] Bootstrap tree #630, logLikelihood: -2007.818434
[00:00:23] [worker #0] Bootstrap tree #627, logLikelihood: -1947.183748
[00:00:23] [worker #1] Bootstrap tree #632, logLikelihood: -1960.306763
[00:00:23] [worker #0] Bootstrap tree #629, logLikelihood: -1899.915608
[00:00:23] [worker #1] Bootstrap tree #634, logLikelihood: -1952.006727
[00:00:23] [worker #0] Bootstrap tree #631, logLikelihood: -1924.059549
[00:00:23] [worker #1] Bootstrap tree #636, logLikelihood: -1922.827867
[00:00:23] [worker #1] Bootstrap tree #638, logLikelihood: -1991.180387
[00:00:23] [worker #0] Bootstrap tree #633, logLikelihood: -1983.087484
[00:00:23] [worker #1] Bootstrap tree #640, logLikelihood: -1968.770156
[00:00:23] [worker #0] Bootstrap tree #635, logLikelihood: -1950.309671
[00:00:23] [worker #1] Bootstrap tree #642, logLikelihood: -1976.163187
[00:00:23] [worker #0] Bootstrap tree #637, logLikelihood: -1950.399009
[00:00:23] [worker #1] Bootstrap tree #644, logLikelihood: -1963.735411
[00:00:23] [worker #0] Bootstrap tree #639, logLikelihood: -1956.898849
[00:00:23] [worker #1] Bootstrap tree #646, logLikelihood: -1972.679811
[00:00:23] [worker #0] Bootstrap tree #641, logLikelihood: -1908.324467
[00:00:24] [worker #1] Bootstrap tree #648, logLikelihood: -1959.075092
[00:00:24] [worker #0] Bootstrap tree #643, logLikelihood: -1957.166904
[00:00:24] [worker #1] Bootstrap tree #650, logLikelihood: -1891.294251
[00:00:24] [worker #0] Bootstrap tree #645, logLikelihood: -1966.111419
[00:00:24] [worker #0] Bootstrap tree #647, logLikelihood: -1927.601094
[00:00:24] [worker #0] Bootstrap tree #649, logLikelihood: -1918.927041
[00:00:24] [worker #1] Bootstrap tree #652, logLikelihood: -1950.859384
[00:00:24] [worker #0] Bootstrap tree #651, logLikelihood: -1933.481640
[00:00:24] [worker #1] Bootstrap tree #654, logLikelihood: -1967.954261
[00:00:24] [worker #0] Bootstrap tree #653, logLikelihood: -1967.204606
[00:00:24] [worker #1] Bootstrap tree #656, logLikelihood: -2031.273498
[00:00:24] [worker #0] Bootstrap tree #655, logLikelihood: -1926.173925
[00:00:24] [worker #1] Bootstrap tree #658, logLikelihood: -1941.975976
[00:00:24] [worker #0] Bootstrap tree #657, logLikelihood: -1922.364498
[00:00:24] [worker #1] Bootstrap tree #660, logLikelihood: -1960.448080
[00:00:24] [worker #0] Bootstrap tree #659, logLikelihood: -1903.505676
[00:00:24] [worker #1] Bootstrap tree #662, logLikelihood: -1935.456990
[00:00:24] [worker #0] Bootstrap tree #661, logLikelihood: -1937.963968
[00:00:24] [worker #1] Bootstrap tree #664, logLikelihood: -1965.943938
[00:00:24] [worker #0] Bootstrap tree #663, logLikelihood: -1968.200675
[00:00:24] [worker #1] Bootstrap tree #666, logLikelihood: -1997.877006
[00:00:24] [worker #1] Bootstrap tree #668, logLikelihood: -1900.048660
[00:00:24] [worker #0] Bootstrap tree #665, logLikelihood: -1937.391658
[00:00:24] [worker #0] Bootstrap tree #667, logLikelihood: -1968.921593
[00:00:24] [worker #1] Bootstrap tree #670, logLikelihood: -1952.346501
[00:00:25] [worker #1] Bootstrap tree #672, logLikelihood: -1955.302142
[00:00:25] [worker #0] Bootstrap tree #669, logLikelihood: -1930.727565
[00:00:25] [worker #1] Bootstrap tree #674, logLikelihood: -1937.951587
[00:00:25] [worker #0] Bootstrap tree #671, logLikelihood: -1967.378251
[00:00:25] [worker #1] Bootstrap tree #676, logLikelihood: -1932.661164
[00:00:25] [worker #0] Bootstrap tree #673, logLikelihood: -1952.163701
[00:00:25] [worker #1] Bootstrap tree #678, logLikelihood: -1924.689631
[00:00:25] [worker #0] Bootstrap tree #675, logLikelihood: -1902.065131
[00:00:25] [worker #1] Bootstrap tree #680, logLikelihood: -1983.297758
[00:00:25] [worker #1] Bootstrap tree #682, logLikelihood: -1992.571125
[00:00:25] [worker #0] Bootstrap tree #677, logLikelihood: -1930.929290
[00:00:25] [worker #1] Bootstrap tree #684, logLikelihood: -1915.785271
[00:00:25] [worker #0] Bootstrap tree #679, logLikelihood: -1949.299449
[00:00:25] [worker #1] Bootstrap tree #686, logLikelihood: -1930.407042
[00:00:25] [worker #0] Bootstrap tree #681, logLikelihood: -1918.729121
[00:00:25] [worker #1] Bootstrap tree #688, logLikelihood: -1967.617797
[00:00:25] [worker #0] Bootstrap tree #683, logLikelihood: -1935.410020
[00:00:25] [worker #1] Bootstrap tree #690, logLikelihood: -1966.408043
[00:00:25] [worker #1] Bootstrap tree #692, logLikelihood: -1933.208448
[00:00:25] [worker #0] Bootstrap tree #685, logLikelihood: -1929.068778
[00:00:25] [worker #1] Bootstrap tree #694, logLikelihood: -1932.437302
[00:00:25] [worker #0] Bootstrap tree #687, logLikelihood: -1936.505458
[00:00:25] [worker #1] Bootstrap tree #696, logLikelihood: -1912.466338
[00:00:25] [worker #0] Bootstrap tree #689, logLikelihood: -1950.453932
[00:00:25] [worker #1] Bootstrap tree #698, logLikelihood: -1933.058254
[00:00:25] [worker #0] Bootstrap tree #691, logLikelihood: -1939.983059
[00:00:25] [worker #1] Bootstrap tree #700, logLikelihood: -1927.253090
[00:00:26] [worker #0] Bootstrap tree #693, logLikelihood: -1948.614181
[00:00:26] [worker #0] Bootstrap tree #695, logLikelihood: -1969.394864
[00:00:26] [worker #0] Bootstrap tree #697, logLikelihood: -1933.237256
[00:00:26] [worker #0] Bootstrap tree #699, logLikelihood: -1912.932026
[00:00:26] [worker #0] Bootstrap tree #701, logLikelihood: -1927.809302
[00:00:26] [worker #1] Bootstrap tree #702, logLikelihood: -1968.276976
[00:00:26] [worker #1] Bootstrap tree #704, logLikelihood: -1929.306217
[00:00:26] [worker #0] Bootstrap tree #703, logLikelihood: -1950.758702
[00:00:26] [worker #1] Bootstrap tree #706, logLikelihood: -1966.050114
[00:00:26] [worker #0] Bootstrap tree #705, logLikelihood: -1926.969081
[00:00:26] [worker #1] Bootstrap tree #708, logLikelihood: -1974.760563
[00:00:26] [worker #0] Bootstrap tree #707, logLikelihood: -1960.174934
[00:00:26] [worker #1] Bootstrap tree #710, logLikelihood: -1957.608677
[00:00:26] [worker #0] Bootstrap tree #709, logLikelihood: -1957.813879
[00:00:26] [worker #1] Bootstrap tree #712, logLikelihood: -1936.086338
[00:00:26] [worker #0] Bootstrap tree #711, logLikelihood: -1959.996251
[00:00:26] [worker #1] Bootstrap tree #714, logLikelihood: -1964.692427
[00:00:26] [worker #0] Bootstrap tree #713, logLikelihood: -1969.086672
[00:00:26] [worker #1] Bootstrap tree #716, logLikelihood: -1940.209041
[00:00:26] [worker #0] Bootstrap tree #715, logLikelihood: -1978.381521
[00:00:26] [worker #1] Bootstrap tree #718, logLikelihood: -1914.489405
[00:00:26] [worker #1] Bootstrap tree #720, logLikelihood: -1950.973186
[00:00:26] [worker #0] Bootstrap tree #717, logLikelihood: -1945.449076
[00:00:26] [worker #1] Bootstrap tree #722, logLikelihood: -1951.405575
[00:00:27] [worker #0] Bootstrap tree #719, logLikelihood: -1989.932191
[00:00:27] [worker #1] Bootstrap tree #724, logLikelihood: -1910.507140
[00:00:27] [worker #0] Bootstrap tree #721, logLikelihood: -1952.290111
[00:00:27] [worker #1] Bootstrap tree #726, logLikelihood: -1897.662970
[00:00:27] [worker #0] Bootstrap tree #723, logLikelihood: -1954.322241
[00:00:27] [worker #1] Bootstrap tree #728, logLikelihood: -1948.237776
[00:00:27] [worker #0] Bootstrap tree #725, logLikelihood: -1971.536478
[00:00:27] [worker #1] Bootstrap tree #730, logLikelihood: -1953.732677
[00:00:27] [worker #0] Bootstrap tree #727, logLikelihood: -1946.781590
[00:00:27] [worker #1] Bootstrap tree #732, logLikelihood: -1945.295872
[00:00:27] [worker #0] Bootstrap tree #729, logLikelihood: -1952.984588
[00:00:27] [worker #1] Bootstrap tree #734, logLikelihood: -1953.722184
[00:00:27] [worker #0] Bootstrap tree #731, logLikelihood: -1952.290715
[00:00:27] [worker #1] Bootstrap tree #736, logLikelihood: -1910.884221
[00:00:27] [worker #0] Bootstrap tree #733, logLikelihood: -1962.676948
[00:00:27] [worker #1] Bootstrap tree #738, logLikelihood: -1953.102404
[00:00:27] [worker #1] Bootstrap tree #740, logLikelihood: -1906.729889
[00:00:27] [worker #0] Bootstrap tree #735, logLikelihood: -1921.237930
[00:00:27] [worker #1] Bootstrap tree #742, logLikelihood: -1976.659072
[00:00:27] [worker #0] Bootstrap tree #737, logLikelihood: -1895.253476
[00:00:27] [worker #1] Bootstrap tree #744, logLikelihood: -1891.594658
[00:00:27] [worker #0] Bootstrap tree #739, logLikelihood: -2000.077886
[00:00:27] [worker #1] Bootstrap tree #746, logLikelihood: -1989.377960
[00:00:27] [worker #0] Bootstrap tree #741, logLikelihood: -1933.135281
[00:00:27] [worker #1] Bootstrap tree #748, logLikelihood: -1931.813951
[00:00:27] [worker #0] Bootstrap tree #743, logLikelihood: -1946.786453
[00:00:27] [worker #1] Bootstrap tree #750, logLikelihood: -1890.110815
[00:00:28] [worker #0] Bootstrap tree #745, logLikelihood: -1961.179146
[00:00:28] [worker #0] Bootstrap tree #747, logLikelihood: -1954.844426
[00:00:28] [worker #0] Bootstrap tree #749, logLikelihood: -1990.782515
[00:00:28] [worker #0] Bootstrap tree #751, logLikelihood: -1955.393377
[00:00:28] [worker #1] Bootstrap tree #752, logLikelihood: -2003.992957
[00:00:28] [worker #1] Bootstrap tree #754, logLikelihood: -1952.746038
[00:00:28] [worker #0] Bootstrap tree #753, logLikelihood: -1945.009523
[00:00:28] [worker #1] Bootstrap tree #756, logLikelihood: -1941.496452
[00:00:28] [worker #0] Bootstrap tree #755, logLikelihood: -1948.710131
[00:00:28] [worker #1] Bootstrap tree #758, logLikelihood: -1938.244547
[00:00:28] [worker #0] Bootstrap tree #757, logLikelihood: -1939.092502
[00:00:28] [worker #1] Bootstrap tree #760, logLikelihood: -1973.745032
[00:00:28] [worker #0] Bootstrap tree #759, logLikelihood: -1899.740943
[00:00:28] [worker #1] Bootstrap tree #762, logLikelihood: -1920.723399
[00:00:28] [worker #0] Bootstrap tree #761, logLikelihood: -1910.251221
[00:00:28] [worker #1] Bootstrap tree #764, logLikelihood: -1908.117758
[00:00:28] [worker #1] Bootstrap tree #766, logLikelihood: -1935.214680
[00:00:28] [worker #0] Bootstrap tree #763, logLikelihood: -1976.161681
[00:00:28] [worker #1] Bootstrap tree #768, logLikelihood: -1937.864192
[00:00:28] [worker #0] Bootstrap tree #765, logLikelihood: -1950.543388
[00:00:28] [worker #1] Bootstrap tree #770, logLikelihood: -1948.793639
[00:00:28] [worker #0] Bootstrap tree #767, logLikelihood: -1955.695021
[00:00:28] [worker #1] Bootstrap tree #772, logLikelihood: -1933.570469
[00:00:28] [worker #0] Bootstrap tree #769, logLikelihood: -1938.043007
[00:00:28] [worker #1] Bootstrap tree #774, logLikelihood: -1918.015214
[00:00:29] [worker #0] Bootstrap tree #771, logLikelihood: -1953.661253
[00:00:29] [worker #1] Bootstrap tree #776, logLikelihood: -1973.063483
[00:00:29] [worker #0] Bootstrap tree #773, logLikelihood: -1930.819251
[00:00:29] [worker #1] Bootstrap tree #778, logLikelihood: -1932.531237
[00:00:29] [worker #1] Bootstrap tree #780, logLikelihood: -1973.365314
[00:00:29] [worker #0] Bootstrap tree #775, logLikelihood: -1967.992907
[00:00:29] [worker #1] Bootstrap tree #782, logLikelihood: -1929.630733
[00:00:29] [worker #0] Bootstrap tree #777, logLikelihood: -1911.684704
[00:00:29] [worker #1] Bootstrap tree #784, logLikelihood: -1906.544012
[00:00:29] [worker #0] Bootstrap tree #779, logLikelihood: -1966.614459
[00:00:29] [worker #1] Bootstrap tree #786, logLikelihood: -1969.772314
[00:00:29] [worker #1] Bootstrap tree #788, logLikelihood: -1918.362295
[00:00:29] [worker #0] Bootstrap tree #781, logLikelihood: -1954.870604
[00:00:29] [worker #1] Bootstrap tree #790, logLikelihood: -1922.237892
[00:00:29] [worker #0] Bootstrap tree #783, logLikelihood: -1922.493565
[00:00:29] [worker #1] Bootstrap tree #792, logLikelihood: -1978.586720
[00:00:29] [worker #0] Bootstrap tree #785, logLikelihood: -1924.517207
[00:00:29] [worker #1] Bootstrap tree #794, logLikelihood: -1933.314438
[00:00:29] [worker #0] Bootstrap tree #787, logLikelihood: -1912.673129
[00:00:29] [worker #1] Bootstrap tree #796, logLikelihood: -1927.271048
[00:00:29] [worker #1] Bootstrap tree #798, logLikelihood: -2037.391352
[00:00:29] [worker #0] Bootstrap tree #789, logLikelihood: -1920.534878
[00:00:29] [worker #1] Bootstrap tree #800, logLikelihood: -1941.663648
[00:00:29] [worker #0] Bootstrap tree #791, logLikelihood: -1929.868880
[00:00:29] [worker #0] Bootstrap tree #793, logLikelihood: -1992.470219
[00:00:30] [worker #0] Bootstrap tree #795, logLikelihood: -1970.951488
[00:00:30] [worker #0] Bootstrap tree #797, logLikelihood: -1952.808796
[00:00:30] [worker #0] Bootstrap tree #799, logLikelihood: -1939.772198
[00:00:30] [worker #0] Bootstrap tree #801, logLikelihood: -1914.838374
[00:00:30] [worker #1] Bootstrap tree #802, logLikelihood: -1914.189853
[00:00:30] [worker #1] Bootstrap tree #804, logLikelihood: -1972.543647
[00:00:30] [worker #0] Bootstrap tree #803, logLikelihood: -1962.270454
[00:00:30] [worker #1] Bootstrap tree #806, logLikelihood: -1910.874765
[00:00:30] [worker #0] Bootstrap tree #805, logLikelihood: -1929.272081
[00:00:30] [worker #1] Bootstrap tree #808, logLikelihood: -1930.031834
[00:00:30] [worker #0] Bootstrap tree #807, logLikelihood: -1953.183045
[00:00:30] [worker #1] Bootstrap tree #810, logLikelihood: -1988.340813
[00:00:30] [worker #1] Bootstrap tree #812, logLikelihood: -1942.030484
[00:00:30] [worker #0] Bootstrap tree #809, logLikelihood: -1957.296951
[00:00:30] [worker #1] Bootstrap tree #814, logLikelihood: -1912.582850
[00:00:30] [worker #0] Bootstrap tree #811, logLikelihood: -1974.804050
[00:00:30] [worker #1] Bootstrap tree #816, logLikelihood: -1901.122178
[00:00:30] [worker #0] Bootstrap tree #813, logLikelihood: -1973.332523
[00:00:30] [worker #1] Bootstrap tree #818, logLikelihood: -1932.730136
[00:00:30] [worker #1] Bootstrap tree #820, logLikelihood: -1937.656629
[00:00:30] [worker #0] Bootstrap tree #815, logLikelihood: -1975.310868
[00:00:30] [worker #1] Bootstrap tree #822, logLikelihood: -1954.826649
[00:00:30] [worker #0] Bootstrap tree #817, logLikelihood: -1995.541986
[00:00:30] [worker #1] Bootstrap tree #824, logLikelihood: -1960.738396
[00:00:31] [worker #0] Bootstrap tree #819, logLikelihood: -1975.777793
[00:00:31] [worker #1] Bootstrap tree #826, logLikelihood: -1988.436093
[00:00:31] [worker #1] Bootstrap tree #828, logLikelihood: -1936.805860
[00:00:31] [worker #0] Bootstrap tree #821, logLikelihood: -1897.699775
[00:00:31] [worker #1] Bootstrap tree #830, logLikelihood: -1911.865645
[00:00:31] [worker #0] Bootstrap tree #823, logLikelihood: -1932.901750
[00:00:31] [worker #1] Bootstrap tree #832, logLikelihood: -1963.054015
[00:00:31] [worker #0] Bootstrap tree #825, logLikelihood: -1939.778474
[00:00:31] [worker #1] Bootstrap tree #834, logLikelihood: -1943.538223
[00:00:31] [worker #0] Bootstrap tree #827, logLikelihood: -1906.651128
[00:00:31] [worker #1] Bootstrap tree #836, logLikelihood: -1997.546853
[00:00:31] [worker #0] Bootstrap tree #829, logLikelihood: -1990.452280
[00:00:31] [worker #1] Bootstrap tree #838, logLikelihood: -1921.819610
[00:00:31] [worker #1] Bootstrap tree #840, logLikelihood: -1916.101353
[00:00:31] [worker #0] Bootstrap tree #831, logLikelihood: -1930.750976
[00:00:31] [worker #1] Bootstrap tree #842, logLikelihood: -1961.115619
[00:00:31] [worker #0] Bootstrap tree #833, logLikelihood: -1949.371720
[00:00:31] [worker #1] Bootstrap tree #844, logLikelihood: -1950.608760
[00:00:31] [worker #0] Bootstrap tree #835, logLikelihood: -1925.630238
[00:00:31] [worker #1] Bootstrap tree #846, logLikelihood: -1936.556795
[00:00:31] [worker #0] Bootstrap tree #837, logLikelihood: -1975.232826
[00:00:31] [worker #1] Bootstrap tree #848, logLikelihood: -1927.880057
[00:00:31] [worker #1] Bootstrap tree #850, logLikelihood: -1968.503015
[00:00:31] [worker #0] Bootstrap tree #839, logLikelihood: -1957.860482
[00:00:31] [worker #0] Bootstrap tree #841, logLikelihood: -1961.893378
[00:00:31] [worker #0] Bootstrap tree #843, logLikelihood: -1966.437469
[00:00:32] [worker #0] Bootstrap tree #845, logLikelihood: -1932.265619
[00:00:32] [worker #0] Bootstrap tree #847, logLikelihood: -1957.300896
[00:00:32] [worker #0] Bootstrap tree #849, logLikelihood: -1948.467404
[00:00:32] [worker #1] Bootstrap tree #852, logLikelihood: -1957.178410
[00:00:32] [worker #0] Bootstrap tree #851, logLikelihood: -1974.201433
[00:00:32] [worker #1] Bootstrap tree #854, logLikelihood: -1960.525765
[00:00:32] [worker #0] Bootstrap tree #853, logLikelihood: -1929.686543
[00:00:32] [worker #1] Bootstrap tree #856, logLikelihood: -1927.592677
[00:00:32] [worker #0] Bootstrap tree #855, logLikelihood: -1967.515955
[00:00:32] [worker #1] Bootstrap tree #858, logLikelihood: -1943.275654
[00:00:32] [worker #0] Bootstrap tree #857, logLikelihood: -1933.099795
[00:00:32] [worker #1] Bootstrap tree #860, logLikelihood: -1988.853833
[00:00:32] [worker #1] Bootstrap tree #862, logLikelihood: -1956.886455
[00:00:32] [worker #0] Bootstrap tree #859, logLikelihood: -1952.245793
[00:00:32] [worker #1] Bootstrap tree #864, logLikelihood: -1941.335123
[00:00:32] [worker #0] Bootstrap tree #861, logLikelihood: -1927.331519
[00:00:32] [worker #1] Bootstrap tree #866, logLikelihood: -1940.275488
[00:00:32] [worker #0] Bootstrap tree #863, logLikelihood: -1952.537217
[00:00:32] [worker #1] Bootstrap tree #868, logLikelihood: -1954.840120
[00:00:32] [worker #0] Bootstrap tree #865, logLikelihood: -1972.841612
[00:00:32] [worker #1] Bootstrap tree #870, logLikelihood: -1926.425463
[00:00:32] [worker #1] Bootstrap tree #872, logLikelihood: -1955.377120
[00:00:32] [worker #0] Bootstrap tree #867, logLikelihood: -1925.527552
[00:00:33] [worker #1] Bootstrap tree #874, logLikelihood: -1959.918601
[00:00:33] [worker #0] Bootstrap tree #869, logLikelihood: -1924.202564
[00:00:33] [worker #1] Bootstrap tree #876, logLikelihood: -1976.758784
[00:00:33] [worker #0] Bootstrap tree #871, logLikelihood: -1981.392894
[00:00:33] [worker #1] Bootstrap tree #878, logLikelihood: -1907.703160
[00:00:33] [worker #0] Bootstrap tree #873, logLikelihood: -1967.289432
[00:00:33] [worker #1] Bootstrap tree #880, logLikelihood: -1959.584821
[00:00:33] [worker #1] Bootstrap tree #882, logLikelihood: -1981.133328
[00:00:33] [worker #0] Bootstrap tree #875, logLikelihood: -1951.812199
[00:00:33] [worker #1] Bootstrap tree #884, logLikelihood: -1942.258028
[00:00:33] [worker #0] Bootstrap tree #877, logLikelihood: -1956.771529
[00:00:33] [worker #1] Bootstrap tree #886, logLikelihood: -1939.621163
[00:00:33] [worker #1] Bootstrap tree #888, logLikelihood: -1956.688663
[00:00:33] [worker #0] Bootstrap tree #879, logLikelihood: -1967.843603
[00:00:33] [worker #1] Bootstrap tree #890, logLikelihood: -1899.266094
[00:00:33] [worker #0] Bootstrap tree #881, logLikelihood: -1962.346287
[00:00:33] [worker #1] Bootstrap tree #892, logLikelihood: -1933.362099
[00:00:33] [worker #0] Bootstrap tree #883, logLikelihood: -1987.651975
[00:00:33] [worker #1] Bootstrap tree #894, logLikelihood: -1950.160631
[00:00:33] [worker #0] Bootstrap tree #885, logLikelihood: -1931.002799
[00:00:33] [worker #1] Bootstrap tree #896, logLikelihood: -1954.095312
[00:00:33] [worker #1] Bootstrap tree #898, logLikelihood: -1909.192749
[00:00:33] [worker #0] Bootstrap tree #887, logLikelihood: -1898.220412
[00:00:33] [worker #1] Bootstrap tree #900, logLikelihood: -1964.308707
[00:00:33] [worker #0] Bootstrap tree #889, logLikelihood: -1971.768838
[00:00:33] [worker #0] Bootstrap tree #891, logLikelihood: -1976.774809
[00:00:34] [worker #0] Bootstrap tree #893, logLikelihood: -1890.892618
[00:00:34] [worker #0] Bootstrap tree #895, logLikelihood: -1926.635135
[00:00:34] [worker #0] Bootstrap tree #897, logLikelihood: -1956.371415
[00:00:34] [worker #0] Bootstrap tree #899, logLikelihood: -1959.328509
[00:00:34] [worker #1] Bootstrap tree #902, logLikelihood: -1934.582712
[00:00:34] [worker #0] Bootstrap tree #901, logLikelihood: -1989.748021
[00:00:34] [worker #1] Bootstrap tree #904, logLikelihood: -1944.257302
[00:00:34] [worker #0] Bootstrap tree #903, logLikelihood: -1962.106538
[00:00:34] [worker #1] Bootstrap tree #906, logLikelihood: -1925.106557
[00:00:34] [worker #1] Bootstrap tree #908, logLikelihood: -1970.926709
[00:00:34] [worker #0] Bootstrap tree #905, logLikelihood: -1950.210715
[00:00:34] [worker #1] Bootstrap tree #910, logLikelihood: -1939.337728
[00:00:34] [worker #0] Bootstrap tree #907, logLikelihood: -1993.654458
[00:00:34] [worker #1] Bootstrap tree #912, logLikelihood: -1970.034288
[00:00:34] [worker #1] Bootstrap tree #914, logLikelihood: -1971.383599
[00:00:34] [worker #0] Bootstrap tree #909, logLikelihood: -1909.014142
[00:00:34] [worker #1] Bootstrap tree #916, logLikelihood: -1963.692517
[00:00:34] [worker #0] Bootstrap tree #911, logLikelihood: -1922.628144
[00:00:34] [worker #1] Bootstrap tree #918, logLikelihood: -1942.625561
[00:00:34] [worker #0] Bootstrap tree #913, logLikelihood: -1981.721890
[00:00:34] [worker #1] Bootstrap tree #920, logLikelihood: -1908.587227
[00:00:35] [worker #0] Bootstrap tree #915, logLikelihood: -1972.110947
[00:00:35] [worker #1] Bootstrap tree #922, logLikelihood: -1938.269343
[00:00:35] [worker #1] Bootstrap tree #924, logLikelihood: -1954.858002
[00:00:35] [worker #0] Bootstrap tree #917, logLikelihood: -1967.048053
[00:00:35] [worker #1] Bootstrap tree #926, logLikelihood: -1968.525244
[00:00:35] [worker #0] Bootstrap tree #919, logLikelihood: -1949.157391
[00:00:35] [worker #1] Bootstrap tree #928, logLikelihood: -1956.787710
[00:00:35] [worker #0] Bootstrap tree #921, logLikelihood: -1930.886358
[00:00:35] [worker #1] Bootstrap tree #930, logLikelihood: -1956.521731
[00:00:35] [worker #1] Bootstrap tree #932, logLikelihood: -1966.786859
[00:00:35] [worker #0] Bootstrap tree #923, logLikelihood: -2000.129919
[00:00:35] [worker #1] Bootstrap tree #934, logLikelihood: -1952.233879
[00:00:35] [worker #0] Bootstrap tree #925, logLikelihood: -1913.223167
[00:00:35] [worker #1] Bootstrap tree #936, logLikelihood: -1960.597219
[00:00:35] [worker #0] Bootstrap tree #927, logLikelihood: -1975.986946
[00:00:35] [worker #1] Bootstrap tree #938, logLikelihood: -1946.663208
[00:00:35] [worker #0] Bootstrap tree #929, logLikelihood: -1930.754072
[00:00:35] [worker #1] Bootstrap tree #940, logLikelihood: -1979.454912
[00:00:35] [worker #1] Bootstrap tree #942, logLikelihood: -1979.527031
[00:00:35] [worker #0] Bootstrap tree #931, logLikelihood: -1959.210975
[00:00:35] [worker #1] Bootstrap tree #944, logLikelihood: -1976.425595
[00:00:35] [worker #0] Bootstrap tree #933, logLikelihood: -1930.988260
[00:00:35] [worker #1] Bootstrap tree #946, logLikelihood: -1931.547801
[00:00:35] [worker #0] Bootstrap tree #935, logLikelihood: -1950.311775
[00:00:35] [worker #1] Bootstrap tree #948, logLikelihood: -1993.531565
[00:00:35] [worker #0] Bootstrap tree #937, logLikelihood: -1929.630086
[00:00:36] [worker #1] Bootstrap tree #950, logLikelihood: -1969.947542
[00:00:36] [worker #0] Bootstrap tree #939, logLikelihood: -1957.801306
[00:00:36] [worker #0] Bootstrap tree #941, logLikelihood: -1931.442394
[00:00:36] [worker #0] Bootstrap tree #943, logLikelihood: -1974.513727
[00:00:36] [worker #0] Bootstrap tree #945, logLikelihood: -1950.792219
[00:00:36] [worker #0] Bootstrap tree #947, logLikelihood: -1899.402813
[00:00:36] [worker #0] Bootstrap tree #949, logLikelihood: -1953.362115
[00:00:36] [worker #1] Bootstrap tree #952, logLikelihood: -1935.635127
[00:00:36] [worker #0] Bootstrap tree #951, logLikelihood: -1981.314033
[00:00:36] [worker #1] Bootstrap tree #954, logLikelihood: -1955.822708
[00:00:36] [worker #0] Bootstrap tree #953, logLikelihood: -1938.406060
[00:00:36] [worker #1] Bootstrap tree #956, logLikelihood: -1951.117142
[00:00:36] [worker #0] Bootstrap tree #955, logLikelihood: -1958.346978
[00:00:36] [worker #1] Bootstrap tree #958, logLikelihood: -1946.354071
[00:00:36] [worker #1] Bootstrap tree #960, logLikelihood: -1972.244783
[00:00:36] [worker #0] Bootstrap tree #957, logLikelihood: -1951.338353
[00:00:36] [worker #1] Bootstrap tree #962, logLikelihood: -1913.731881
[00:00:36] [worker #0] Bootstrap tree #959, logLikelihood: -1955.726355
[00:00:36] [worker #1] Bootstrap tree #964, logLikelihood: -1934.588305
[00:00:36] [worker #0] Bootstrap tree #961, logLikelihood: -1938.412235
[00:00:36] [worker #1] Bootstrap tree #966, logLikelihood: -1963.457531
[00:00:37] [worker #0] Bootstrap tree #963, logLikelihood: -1970.081379
[00:00:37] [worker #1] Bootstrap tree #968, logLikelihood: -1938.848640
[00:00:37] [worker #1] Bootstrap tree #970, logLikelihood: -1954.884001
[00:00:37] [worker #0] Bootstrap tree #965, logLikelihood: -1970.897375
[00:00:37] [worker #1] Bootstrap tree #972, logLikelihood: -1918.065617
[00:00:37] [worker #0] Bootstrap tree #967, logLikelihood: -1896.444296
[00:00:37] [worker #1] Bootstrap tree #974, logLikelihood: -1961.299079
[00:00:37] [worker #0] Bootstrap tree #969, logLikelihood: -1980.953234
[00:00:37] [worker #1] Bootstrap tree #976, logLikelihood: -1932.345024
[00:00:37] [worker #0] Bootstrap tree #971, logLikelihood: -1941.425498
[00:00:37] [worker #1] Bootstrap tree #978, logLikelihood: -1948.443126
[00:00:37] [worker #1] Bootstrap tree #980, logLikelihood: -1918.162505
[00:00:37] [worker #0] Bootstrap tree #973, logLikelihood: -1923.819510
[00:00:37] [worker #0] Bootstrap tree #975, logLikelihood: -1913.424487
[00:00:37] [worker #1] Bootstrap tree #982, logLikelihood: -1943.632614
[00:00:37] [worker #1] Bootstrap tree #984, logLikelihood: -1947.587291
[00:00:37] [worker #0] Bootstrap tree #977, logLikelihood: -1979.072486
[00:00:37] [worker #1] Bootstrap tree #986, logLikelihood: -1959.859004
[00:00:37] [worker #0] Bootstrap tree #979, logLikelihood: -1972.147808
[00:00:37] [worker #1] Bootstrap tree #988, logLikelihood: -1921.426953
[00:00:37] [worker #0] Bootstrap tree #981, logLikelihood: -1930.293919
[00:00:37] [worker #1] Bootstrap tree #990, logLikelihood: -1932.836702
[00:00:37] [worker #0] Bootstrap tree #983, logLikelihood: -1918.266276
[00:00:37] [worker #1] Bootstrap tree #992, logLikelihood: -1974.467069
[00:00:37] [worker #0] Bootstrap tree #985, logLikelihood: -1945.630376
[00:00:38] [worker #1] Bootstrap tree #994, logLikelihood: -1957.516147
[00:00:38] [worker #0] Bootstrap tree #987, logLikelihood: -1974.572599
[00:00:38] [worker #1] Bootstrap tree #996, logLikelihood: -1948.107631
[00:00:38] [worker #1] Bootstrap tree #998, logLikelihood: -1947.178807
[00:00:38] [worker #0] Bootstrap tree #989, logLikelihood: -1937.606036
[00:00:38] [worker #1] Bootstrap tree #1000, logLikelihood: -1932.295911
[00:00:38] [worker #0] Bootstrap tree #991, logLikelihood: -1960.179928
[00:00:38] [worker #0] Bootstrap tree #993, logLikelihood: -1933.172375
[00:00:38] [worker #0] Bootstrap tree #995, logLikelihood: -1934.224972
[00:00:38] [worker #0] Bootstrap tree #997, logLikelihood: -1994.555453
[00:00:38] [worker #0] Bootstrap tree #999, logLikelihood: -1885.990005

Optimized model parameters:

   Partition 0: noname
   Rate heterogeneity: GAMMA (4 cats, mean),  alpha: 99.862480 (ML),  weights&rates: (0.250000,0.875823) (0.250000,0.964713) (0.250000,1.029567) (0.250000,1.129897) 
   Base frequencies (ML): 0.265797 0.228928 0.240618 0.264657 
   Substitution rates (ML): 2.156585 4.888357 0.794667 0.001000 5.378167 1.000000 


Final LogLikelihood: -1954.868322

AIC score: 3985.736645 / AICc score: 3990.448886 / BIC score: 4156.899595
Free parameters (model + branch lengths): 38

WARNING: Best ML tree contains 11 near-zero branches!

Best ML tree with collapsed near-zero branches saved to: /mnt/rdisk/dminh/Cauris/Cauris_output/phylogeny/raxmlng/output.raxml.bestTreeCollapsed
Best ML tree saved to: /mnt/rdisk/dminh/Cauris/Cauris_output/phylogeny/raxmlng/output.raxml.bestTree
All ML trees saved to: /mnt/rdisk/dminh/Cauris/Cauris_output/phylogeny/raxmlng/output.raxml.mlTrees
Best ML tree with Felsenstein bootstrap (FBP) support values saved to: /mnt/rdisk/dminh/Cauris/Cauris_output/phylogeny/raxmlng/output.raxml.support
Optimized model saved to: /mnt/rdisk/dminh/Cauris/Cauris_output/phylogeny/raxmlng/output.raxml.bestModel
Bootstrap trees saved to: /mnt/rdisk/dminh/Cauris/Cauris_output/phylogeny/raxmlng/output.raxml.bootstraps

Execution log saved to: /mnt/rdisk/dminh/Cauris/Cauris_output/phylogeny/raxmlng/output.raxml.log

Analysis started: 16-Feb-2024 20:44:51 / finished: 16-Feb-2024 20:45:29

Elapsed time: 38.647 seconds

