AutoDock Vina v1.2.5
#################################################################
# If you used AutoDock Vina in your work, please cite:          #
#                                                               #
# J. Eberhardt, D. Santos-Martins, A. F. Tillack, and S. Forli  #
# AutoDock Vina 1.2.0: New Docking Methods, Expanded Force      #
# Field, and Python Bindings, J. Chem. Inf. Model. (2021)       #
# DOI 10.1021/acs.jcim.1c00203                                  #
#                                                               #
# O. Trott, A. J. Olson,                                        #
# AutoDock Vina: improving the speed and accuracy of docking    #
# with a new scoring function, efficient optimization and       #
# multithreading, J. Comp. Chem. (2010)                         #
# DOI 10.1002/jcc.21334                                         #
#                                                               #
# Please see https://github.com/ccsb-scripps/AutoDock-Vina for  #
# more information.                                             #
#################################################################

Scoring function : vina
Rigid receptor: Model3-FUR1-WT-monomer-prep.pdbqt
Ligand: 5FU.pdbqt
Grid center: X -3 Y 59 Z 37
Grid size  : X 16 Y 16 Z 16
Grid space : 0.375
Exhaustiveness: 32
CPU: 2
Verbosity: 1

Computing Vina grid ... done.
Performing docking (random seed: 1958246272) ... 
0%   10   20   30   40   50   60   70   80   90   100%
|----|----|----|----|----|----|----|----|----|----|
***************************************************

mode |   affinity | dist from best mode
     | (kcal/mol) | rmsd l.b.| rmsd u.b.
-----+------------+----------+----------
   1       -4.568          0          0
   2       -4.539      1.813       3.14
   3       -4.197      2.114      2.658
   4       -4.144      6.315      7.108
   5       -4.129      2.176      2.447
   6       -4.074      6.328      7.097
   7       -4.063      6.071      7.031
   8       -4.042      6.006        6.9
   9       -4.022      2.367      3.267
  10       -3.929      6.144      6.932
  11       -3.927      2.506      3.232
  12       -3.916      6.341      7.178
  13       -3.914      4.124       4.93
  14        -3.91       7.17      7.909
  15       -3.874      4.494        5.4
  16       -3.806      6.195      6.858
  17       -3.793      3.012      3.513
  18       -3.775      1.662      1.767
  19       -3.744      2.145      2.865
  20       -3.717      4.818      5.305
