AutoDock Vina v1.2.5
#################################################################
# If you used AutoDock Vina in your work, please cite:          #
#                                                               #
# J. Eberhardt, D. Santos-Martins, A. F. Tillack, and S. Forli  #
# AutoDock Vina 1.2.0: New Docking Methods, Expanded Force      #
# Field, and Python Bindings, J. Chem. Inf. Model. (2021)       #
# DOI 10.1021/acs.jcim.1c00203                                  #
#                                                               #
# O. Trott, A. J. Olson,                                        #
# AutoDock Vina: improving the speed and accuracy of docking    #
# with a new scoring function, efficient optimization and       #
# multithreading, J. Comp. Chem. (2010)                         #
# DOI 10.1002/jcc.21334                                         #
#                                                               #
# Please see https://github.com/ccsb-scripps/AutoDock-Vina for  #
# more information.                                             #
#################################################################

Scoring function : vina
Rigid receptor: AF-A0A2H0ZP91-F1-model_v4.pdbqt
Ligand: 5FU.pdbqt
Grid center: X -12.612 Y -0.916 Z 1.284
Grid size  : X 60 Y 68 Z 80
Grid space : 0.375
Exhaustiveness: 32
CPU: 2
Verbosity: 1

WARNING: Search space volume is greater than 27000 Angstrom^3 (See FAQ)
Computing Vina grid ... done.
Performing docking (random seed: -887361738) ... 
0%   10   20   30   40   50   60   70   80   90   100%
|----|----|----|----|----|----|----|----|----|----|
***************************************************

mode |   affinity | dist from best mode
     | (kcal/mol) | rmsd l.b.| rmsd u.b.
-----+------------+----------+----------
   1       -4.773          0          0
   2       -4.454      1.574      2.258
   3       -4.324      20.37      21.03
   4       -4.304      1.565      2.991
   5        -4.26      19.54      20.22
   6       -4.122       19.3       20.2
   7        -3.98      29.18      29.97
   8        -3.93      16.12      17.03
   9       -3.926      13.92      15.01
